[5.208s] Invoking command in '/mnt/c/Users/TexSort/Desktop/MasterThesis/materialdetectiontextile/ros_ws/src/py_pubsub': PYTHONPATH=/mnt/c/Users/TexSort/Desktop/MasterThesis/materialdetectiontextile/ros_ws/build/py_pubsub/prefix_override:/mnt/c/Users/TexSort/Desktop/MasterThesis/materialdetectiontextile/ros_ws/install/py_pubsub/lib/python3.10/site-packages:${PYTHONPATH} /usr/bin/python3 setup.py egg_info --egg-base ../../build/py_pubsub build --build-base /mnt/c/Users/TexSort/Desktop/MasterThesis/materialdetectiontextile/ros_ws/build/py_pubsub/build install --record /mnt/c/Users/TexSort/Desktop/MasterThesis/materialdetectiontextile/ros_ws/build/py_pubsub/install.log --single-version-externally-managed
[7.288s] running egg_info
[7.312s] writing ../../build/py_pubsub/py_pubsub.egg-info/PKG-INFO
[7.337s] writing dependency_links to ../../build/py_pubsub/py_pubsub.egg-info/dependency_links.txt
[7.356s] writing entry points to ../../build/py_pubsub/py_pubsub.egg-info/entry_points.txt
[7.371s] writing requirements to ../../build/py_pubsub/py_pubsub.egg-info/requires.txt
[7.382s] writing top-level names to ../../build/py_pubsub/py_pubsub.egg-info/top_level.txt
[7.474s] reading manifest file '../../build/py_pubsub/py_pubsub.egg-info/SOURCES.txt'
[7.616s] adding license file 'LICENSE'
[7.672s] writing manifest file '../../build/py_pubsub/py_pubsub.egg-info/SOURCES.txt'
[7.683s] running build
[7.685s] running build_py
[7.736s] copying py_pubsub/publisher_member_function.py -> /mnt/c/Users/TexSort/Desktop/MasterThesis/materialdetectiontextile/ros_ws/build/py_pubsub/build/lib/py_pubsub
[7.852s] running install
[7.854s] /usr/lib/python3/dist-packages/setuptools/command/install.py:34: SetuptoolsDeprecationWarning: setup.py install is deprecated. Use build and pip and other standards-based tools.
[7.856s]   warnings.warn(
[7.858s] running install_lib
[7.958s] copying /mnt/c/Users/TexSort/Desktop/MasterThesis/materialdetectiontextile/ros_ws/build/py_pubsub/build/lib/py_pubsub/publisher_member_function.py -> /mnt/c/Users/TexSort/Desktop/MasterThesis/materialdetectiontextile/ros_ws/install/py_pubsub/lib/python3.10/site-packages/py_pubsub
[8.181s] byte-compiling /mnt/c/Users/TexSort/Desktop/MasterThesis/materialdetectiontextile/ros_ws/install/py_pubsub/lib/python3.10/site-packages/py_pubsub/publisher_member_function.py to publisher_member_function.cpython-310.pyc
[8.367s] running install_data
[8.457s] running install_egg_info
[8.485s] removing '/mnt/c/Users/TexSort/Desktop/MasterThesis/materialdetectiontextile/ros_ws/install/py_pubsub/lib/python3.10/site-packages/py_pubsub-0.0.0-py3.10.egg-info' (and everything under it)
[8.672s] Copying ../../build/py_pubsub/py_pubsub.egg-info to /mnt/c/Users/TexSort/Desktop/MasterThesis/materialdetectiontextile/ros_ws/install/py_pubsub/lib/python3.10/site-packages/py_pubsub-0.0.0-py3.10.egg-info
[9.380s] running install_scripts
[9.595s] Installing listener script to /mnt/c/Users/TexSort/Desktop/MasterThesis/materialdetectiontextile/ros_ws/install/py_pubsub/lib/py_pubsub
[9.638s] Installing talker script to /mnt/c/Users/TexSort/Desktop/MasterThesis/materialdetectiontextile/ros_ws/install/py_pubsub/lib/py_pubsub
[9.674s] writing list of installed files to '/mnt/c/Users/TexSort/Desktop/MasterThesis/materialdetectiontextile/ros_ws/build/py_pubsub/install.log'
[9.748s] Invoked command in '/mnt/c/Users/TexSort/Desktop/MasterThesis/materialdetectiontextile/ros_ws/src/py_pubsub' returned '0': PYTHONPATH=/mnt/c/Users/TexSort/Desktop/MasterThesis/materialdetectiontextile/ros_ws/build/py_pubsub/prefix_override:/mnt/c/Users/TexSort/Desktop/MasterThesis/materialdetectiontextile/ros_ws/install/py_pubsub/lib/python3.10/site-packages:${PYTHONPATH} /usr/bin/python3 setup.py egg_info --egg-base ../../build/py_pubsub build --build-base /mnt/c/Users/TexSort/Desktop/MasterThesis/materialdetectiontextile/ros_ws/build/py_pubsub/build install --record /mnt/c/Users/TexSort/Desktop/MasterThesis/materialdetectiontextile/ros_ws/build/py_pubsub/install.log --single-version-externally-managed
