[0.466s] Invoking command in '/mnt/c/Users/TexSort/Desktop/MasterThesis/materialDetectionTextile/ros_ws/build/materialdetect': AMENT_PREFIX_PATH=/mnt/c/Users/TexSort/Desktop/MasterThesis/materialDetectionTextile/ros_ws/install/py_pubsub PYTHONPATH=/mnt/c/Users/TexSort/Desktop/MasterThesis/materialDetectionTextile/ros_ws/install/py_pubsub/lib/python3.10/site-packages /usr/bin/cmake /mnt/c/Users/TexSort/Desktop/MasterThesis/materialDetectionTextile/ros_ws/src/materialdetect -DCMAKE_INSTALL_PREFIX=/mnt/c/Users/TexSort/Desktop/MasterThesis/materialDetectionTextile/ros_ws/install/materialdetect
[1.903s] [31mCMake Error at CMakeLists.txt:9 (find_package):
[1.908s]   By not providing "Findament_cmake.cmake" in CMAKE_MODULE_PATH this project
[1.915s]   has asked CMake to find a package configuration file provided by
[1.918s]   "ament_cmake", but CMake did not find one.
[1.924s] 
[1.927s]   Could not find a package configuration file provided by "ament_cmake" with
[1.929s]   any of the following names:
[1.931s] 
[1.933s]     ament_cmakeConfig.cmake
[1.935s]     ament_cmake-config.cmake
[1.936s] 
[1.939s]   Add the installation prefix of "ament_cmake" to CMAKE_PREFIX_PATH or set
[1.942s]   "ament_cmake_DIR" to a directory containing one of the above files.  If
[1.945s]   "ament_cmake" provides a separate development package or SDK, be sure it
[1.948s]   has been installed.
[1.950s] 
[1.952s] [0m
[1.955s] -- Configuring incomplete, errors occurred!
[1.958s] See also "/mnt/c/Users/TexSort/Desktop/MasterThesis/materialDetectionTextile/ros_ws/build/materialdetect/CMakeFiles/CMakeOutput.log".
[1.970s] Invoked command in '/mnt/c/Users/TexSort/Desktop/MasterThesis/materialDetectionTextile/ros_ws/build/materialdetect' returned '1': AMENT_PREFIX_PATH=/mnt/c/Users/TexSort/Desktop/MasterThesis/materialDetectionTextile/ros_ws/install/py_pubsub PYTHONPATH=/mnt/c/Users/TexSort/Desktop/MasterThesis/materialDetectionTextile/ros_ws/install/py_pubsub/lib/python3.10/site-packages /usr/bin/cmake /mnt/c/Users/TexSort/Desktop/MasterThesis/materialDetectionTextile/ros_ws/src/materialdetect -DCMAKE_INSTALL_PREFIX=/mnt/c/Users/TexSort/Desktop/MasterThesis/materialDetectionTextile/ros_ws/install/materialdetect
