[0.561s] Invoking command in '/mnt/c/Users/TexSort/Desktop/MasterThesis/materialDetectionTextile/ros_ws/build/materialdetect': AMENT_PREFIX_PATH=/mnt/c/Users/TexSort/Desktop/MasterThesis/materialDetectionTextile/ros_ws/install/py_pubsub:/mnt/c/Users/TexSort/Desktop/MasterThesis/materialDetectionTextile/ros_ws/install/materialDetect:/opt/ros/humble CMAKE_PREFIX_PATH=${CMAKE_PREFIX_PATH}:/mnt/c/Users/TexSort/Desktop/MasterThesis/materialDetectionTextile/ros_ws/install/py_pubsub:/opt/ros/humble /usr/bin/cmake --build /mnt/c/Users/TexSort/Desktop/MasterThesis/materialDetectionTextile/ros_ws/build/materialdetect -- -j4 -l4
[0.745s] Invoked command in '/mnt/c/Users/TexSort/Desktop/MasterThesis/materialDetectionTextile/ros_ws/build/materialdetect' returned '0': AMENT_PREFIX_PATH=/mnt/c/Users/TexSort/Desktop/MasterThesis/materialDetectionTextile/ros_ws/install/py_pubsub:/mnt/c/Users/TexSort/Desktop/MasterThesis/materialDetectionTextile/ros_ws/install/materialDetect:/opt/ros/humble CMAKE_PREFIX_PATH=${CMAKE_PREFIX_PATH}:/mnt/c/Users/TexSort/Desktop/MasterThesis/materialDetectionTextile/ros_ws/install/py_pubsub:/opt/ros/humble /usr/bin/cmake --build /mnt/c/Users/TexSort/Desktop/MasterThesis/materialDetectionTextile/ros_ws/build/materialdetect -- -j4 -l4
[0.847s] Invoking command in '/mnt/c/Users/TexSort/Desktop/MasterThesis/materialDetectionTextile/ros_ws/build/materialdetect': AMENT_PREFIX_PATH=/mnt/c/Users/TexSort/Desktop/MasterThesis/materialDetectionTextile/ros_ws/install/py_pubsub:/mnt/c/Users/TexSort/Desktop/MasterThesis/materialDetectionTextile/ros_ws/install/materialDetect:/opt/ros/humble CMAKE_PREFIX_PATH=${CMAKE_PREFIX_PATH}:/mnt/c/Users/TexSort/Desktop/MasterThesis/materialDetectionTextile/ros_ws/install/py_pubsub:/opt/ros/humble /usr/bin/cmake --install /mnt/c/Users/TexSort/Desktop/MasterThesis/materialDetectionTextile/ros_ws/build/materialdetect
[0.869s] -- Install configuration: ""
[0.897s] -- Up-to-date: /mnt/c/Users/TexSort/Desktop/MasterThesis/materialDetectionTextile/ros_ws/install/materialdetect/share/materialdetect//launch
[0.950s] -- Up-to-date: /mnt/c/Users/TexSort/Desktop/MasterThesis/materialDetectionTextile/ros_ws/install/materialdetect/share/materialdetect//launch/matdetect.launch.py
[1.023s] -- Up-to-date: /mnt/c/Users/TexSort/Desktop/MasterThesis/materialDetectionTextile/ros_ws/install/materialdetect/share/ament_index/resource_index/package_run_dependencies/materialdetect
[1.103s] -- Up-to-date: /mnt/c/Users/TexSort/Desktop/MasterThesis/materialDetectionTextile/ros_ws/install/materialdetect/share/ament_index/resource_index/parent_prefix_path/materialdetect
[1.137s] -- Up-to-date: /mnt/c/Users/TexSort/Desktop/MasterThesis/materialDetectionTextile/ros_ws/install/materialdetect/share/materialdetect/environment/ament_prefix_path.sh
[1.183s] -- Up-to-date: /mnt/c/Users/TexSort/Desktop/MasterThesis/materialDetectionTextile/ros_ws/install/materialdetect/share/materialdetect/environment/ament_prefix_path.dsv
[1.228s] -- Up-to-date: /mnt/c/Users/TexSort/Desktop/MasterThesis/materialDetectionTextile/ros_ws/install/materialdetect/share/materialdetect/environment/path.sh
[1.297s] -- Up-to-date: /mnt/c/Users/TexSort/Desktop/MasterThesis/materialDetectionTextile/ros_ws/install/materialdetect/share/materialdetect/environment/path.dsv
[1.345s] -- Up-to-date: /mnt/c/Users/TexSort/Desktop/MasterThesis/materialDetectionTextile/ros_ws/install/materialdetect/share/materialdetect/local_setup.bash
[1.386s] -- Up-to-date: /mnt/c/Users/TexSort/Desktop/MasterThesis/materialDetectionTextile/ros_ws/install/materialdetect/share/materialdetect/local_setup.sh
[1.432s] -- Up-to-date: /mnt/c/Users/TexSort/Desktop/MasterThesis/materialDetectionTextile/ros_ws/install/materialdetect/share/materialdetect/local_setup.zsh
[1.470s] -- Up-to-date: /mnt/c/Users/TexSort/Desktop/MasterThesis/materialDetectionTextile/ros_ws/install/materialdetect/share/materialdetect/local_setup.dsv
[1.522s] -- Installing: /mnt/c/Users/TexSort/Desktop/MasterThesis/materialDetectionTextile/ros_ws/install/materialdetect/share/materialdetect/package.dsv
[1.685s] -- Up-to-date: /mnt/c/Users/TexSort/Desktop/MasterThesis/materialDetectionTextile/ros_ws/install/materialdetect/share/ament_index/resource_index/packages/materialdetect
[1.736s] -- Up-to-date: /mnt/c/Users/TexSort/Desktop/MasterThesis/materialDetectionTextile/ros_ws/install/materialdetect/share/materialdetect/cmake/materialdetectConfig.cmake
[1.769s] -- Up-to-date: /mnt/c/Users/TexSort/Desktop/MasterThesis/materialDetectionTextile/ros_ws/install/materialdetect/share/materialdetect/cmake/materialdetectConfig-version.cmake
[1.830s] -- Up-to-date: /mnt/c/Users/TexSort/Desktop/MasterThesis/materialDetectionTextile/ros_ws/install/materialdetect/share/materialdetect/package.xml
[1.853s] Invoked command in '/mnt/c/Users/TexSort/Desktop/MasterThesis/materialDetectionTextile/ros_ws/build/materialdetect' returned '0': AMENT_PREFIX_PATH=/mnt/c/Users/TexSort/Desktop/MasterThesis/materialDetectionTextile/ros_ws/install/py_pubsub:/mnt/c/Users/TexSort/Desktop/MasterThesis/materialDetectionTextile/ros_ws/install/materialDetect:/opt/ros/humble CMAKE_PREFIX_PATH=${CMAKE_PREFIX_PATH}:/mnt/c/Users/TexSort/Desktop/MasterThesis/materialDetectionTextile/ros_ws/install/py_pubsub:/opt/ros/humble /usr/bin/cmake --install /mnt/c/Users/TexSort/Desktop/MasterThesis/materialDetectionTextile/ros_ws/build/materialdetect
