[0.735s] Invoking command in '/mnt/c/Users/TexSort/Desktop/MasterThesis/materialDetectionTextile/ros_ws/build/materialdetect': AMENT_PREFIX_PATH=/mnt/c/Users/TexSort/Desktop/MasterThesis/materialDetectionTextile/ros_ws/install/py_pubsub:/mnt/c/Users/TexSort/Desktop/MasterThesis/materialDetectionTextile/ros_ws/install/materialDetect:/opt/ros/humble CMAKE_PREFIX_PATH=${CMAKE_PREFIX_PATH}:/mnt/c/Users/TexSort/Desktop/MasterThesis/materialDetectionTextile/ros_ws/install/py_pubsub:/opt/ros/humble /usr/bin/cmake --build /mnt/c/Users/TexSort/Desktop/MasterThesis/materialDetectionTextile/ros_ws/build/materialdetect -- -j4 -l4
[0.929s] Invoked command in '/mnt/c/Users/TexSort/Desktop/MasterThesis/materialDetectionTextile/ros_ws/build/materialdetect' returned '0': AMENT_PREFIX_PATH=/mnt/c/Users/TexSort/Desktop/MasterThesis/materialDetectionTextile/ros_ws/install/py_pubsub:/mnt/c/Users/TexSort/Desktop/MasterThesis/materialDetectionTextile/ros_ws/install/materialDetect:/opt/ros/humble CMAKE_PREFIX_PATH=${CMAKE_PREFIX_PATH}:/mnt/c/Users/TexSort/Desktop/MasterThesis/materialDetectionTextile/ros_ws/install/py_pubsub:/opt/ros/humble /usr/bin/cmake --build /mnt/c/Users/TexSort/Desktop/MasterThesis/materialDetectionTextile/ros_ws/build/materialdetect -- -j4 -l4
[1.025s] Invoking command in '/mnt/c/Users/TexSort/Desktop/MasterThesis/materialDetectionTextile/ros_ws/build/materialdetect': AMENT_PREFIX_PATH=/mnt/c/Users/TexSort/Desktop/MasterThesis/materialDetectionTextile/ros_ws/install/py_pubsub:/mnt/c/Users/TexSort/Desktop/MasterThesis/materialDetectionTextile/ros_ws/install/materialDetect:/opt/ros/humble CMAKE_PREFIX_PATH=${CMAKE_PREFIX_PATH}:/mnt/c/Users/TexSort/Desktop/MasterThesis/materialDetectionTextile/ros_ws/install/py_pubsub:/opt/ros/humble /usr/bin/cmake --install /mnt/c/Users/TexSort/Desktop/MasterThesis/materialDetectionTextile/ros_ws/build/materialdetect
[1.044s] -- Install configuration: ""
[1.077s] -- Up-to-date: /mnt/c/Users/TexSort/Desktop/MasterThesis/materialDetectionTextile/ros_ws/install/materialdetect/share/materialdetect//launch
[1.152s] -- Up-to-date: /mnt/c/Users/TexSort/Desktop/MasterThesis/materialDetectionTextile/ros_ws/install/materialdetect/share/materialdetect//launch/matdetect.launch.py
[1.207s] -- Up-to-date: /mnt/c/Users/TexSort/Desktop/MasterThesis/materialDetectionTextile/ros_ws/install/materialdetect/share/materialdetect//launch/materialData.csv
[1.285s] -- Up-to-date: /mnt/c/Users/TexSort/Desktop/MasterThesis/materialDetectionTextile/ros_ws/install/materialdetect/share/ament_index/resource_index/package_run_dependencies/materialdetect
[1.357s] -- Up-to-date: /mnt/c/Users/TexSort/Desktop/MasterThesis/materialDetectionTextile/ros_ws/install/materialdetect/share/ament_index/resource_index/parent_prefix_path/materialdetect
[1.404s] -- Up-to-date: /mnt/c/Users/TexSort/Desktop/MasterThesis/materialDetectionTextile/ros_ws/install/materialdetect/share/materialdetect/environment/ament_prefix_path.sh
[1.443s] -- Up-to-date: /mnt/c/Users/TexSort/Desktop/MasterThesis/materialDetectionTextile/ros_ws/install/materialdetect/share/materialdetect/environment/ament_prefix_path.dsv
[1.486s] -- Up-to-date: /mnt/c/Users/TexSort/Desktop/MasterThesis/materialDetectionTextile/ros_ws/install/materialdetect/share/materialdetect/environment/path.sh
[1.529s] -- Up-to-date: /mnt/c/Users/TexSort/Desktop/MasterThesis/materialDetectionTextile/ros_ws/install/materialdetect/share/materialdetect/environment/path.dsv
[1.577s] -- Up-to-date: /mnt/c/Users/TexSort/Desktop/MasterThesis/materialDetectionTextile/ros_ws/install/materialdetect/share/materialdetect/local_setup.bash
[1.613s] -- Up-to-date: /mnt/c/Users/TexSort/Desktop/MasterThesis/materialDetectionTextile/ros_ws/install/materialdetect/share/materialdetect/local_setup.sh
[1.649s] -- Up-to-date: /mnt/c/Users/TexSort/Desktop/MasterThesis/materialDetectionTextile/ros_ws/install/materialdetect/share/materialdetect/local_setup.zsh
[1.702s] -- Up-to-date: /mnt/c/Users/TexSort/Desktop/MasterThesis/materialDetectionTextile/ros_ws/install/materialdetect/share/materialdetect/local_setup.dsv
[1.751s] -- Installing: /mnt/c/Users/TexSort/Desktop/MasterThesis/materialDetectionTextile/ros_ws/install/materialdetect/share/materialdetect/package.dsv
[1.930s] -- Up-to-date: /mnt/c/Users/TexSort/Desktop/MasterThesis/materialDetectionTextile/ros_ws/install/materialdetect/share/ament_index/resource_index/packages/materialdetect
[1.986s] -- Up-to-date: /mnt/c/Users/TexSort/Desktop/MasterThesis/materialDetectionTextile/ros_ws/install/materialdetect/share/materialdetect/cmake/materialdetectConfig.cmake
[2.020s] -- Up-to-date: /mnt/c/Users/TexSort/Desktop/MasterThesis/materialDetectionTextile/ros_ws/install/materialdetect/share/materialdetect/cmake/materialdetectConfig-version.cmake
[2.074s] -- Up-to-date: /mnt/c/Users/TexSort/Desktop/MasterThesis/materialDetectionTextile/ros_ws/install/materialdetect/share/materialdetect/package.xml
[2.096s] Invoked command in '/mnt/c/Users/TexSort/Desktop/MasterThesis/materialDetectionTextile/ros_ws/build/materialdetect' returned '0': AMENT_PREFIX_PATH=/mnt/c/Users/TexSort/Desktop/MasterThesis/materialDetectionTextile/ros_ws/install/py_pubsub:/mnt/c/Users/TexSort/Desktop/MasterThesis/materialDetectionTextile/ros_ws/install/materialDetect:/opt/ros/humble CMAKE_PREFIX_PATH=${CMAKE_PREFIX_PATH}:/mnt/c/Users/TexSort/Desktop/MasterThesis/materialDetectionTextile/ros_ws/install/py_pubsub:/opt/ros/humble /usr/bin/cmake --install /mnt/c/Users/TexSort/Desktop/MasterThesis/materialDetectionTextile/ros_ws/build/materialdetect
