[0.419s] Invoking command in '/mnt/c/Users/TexSort/Desktop/MasterThesis/materialDetectionTextile/ros_ws/build/materialdetect': AMENT_PREFIX_PATH=/mnt/c/Users/TexSort/Desktop/MasterThesis/materialDetectionTextile/ros_ws/install/py_pubsub:${AMENT_PREFIX_PATH} CMAKE_PREFIX_PATH=/opt/ros/humble PYTHONPATH=/mnt/c/Users/TexSort/Desktop/MasterThesis/materialDetectionTextile/ros_ws/install/py_pubsub/lib/python3.10/site-packages:${PYTHONPATH} /usr/bin/cmake --build /mnt/c/Users/TexSort/Desktop/MasterThesis/materialDetectionTextile/ros_ws/build/materialdetect -- -j4 -l4
[0.681s] Invoked command in '/mnt/c/Users/TexSort/Desktop/MasterThesis/materialDetectionTextile/ros_ws/build/materialdetect' returned '0': AMENT_PREFIX_PATH=/mnt/c/Users/TexSort/Desktop/MasterThesis/materialDetectionTextile/ros_ws/install/py_pubsub:${AMENT_PREFIX_PATH} CMAKE_PREFIX_PATH=/opt/ros/humble PYTHONPATH=/mnt/c/Users/TexSort/Desktop/MasterThesis/materialDetectionTextile/ros_ws/install/py_pubsub/lib/python3.10/site-packages:${PYTHONPATH} /usr/bin/cmake --build /mnt/c/Users/TexSort/Desktop/MasterThesis/materialDetectionTextile/ros_ws/build/materialdetect -- -j4 -l4
[0.783s] Invoking command in '/mnt/c/Users/TexSort/Desktop/MasterThesis/materialDetectionTextile/ros_ws/build/materialdetect': AMENT_PREFIX_PATH=/mnt/c/Users/TexSort/Desktop/MasterThesis/materialDetectionTextile/ros_ws/install/py_pubsub:${AMENT_PREFIX_PATH} CMAKE_PREFIX_PATH=/opt/ros/humble PYTHONPATH=/mnt/c/Users/TexSort/Desktop/MasterThesis/materialDetectionTextile/ros_ws/install/py_pubsub/lib/python3.10/site-packages:${PYTHONPATH} /usr/bin/cmake --install /mnt/c/Users/TexSort/Desktop/MasterThesis/materialDetectionTextile/ros_ws/build/materialdetect
[0.802s] -- Install configuration: ""
[0.826s] -- Up-to-date: /mnt/c/Users/TexSort/Desktop/MasterThesis/materialDetectionTextile/ros_ws/install/materialdetect/share/materialdetect//launch
[0.898s] -- Up-to-date: /mnt/c/Users/TexSort/Desktop/MasterThesis/materialDetectionTextile/ros_ws/install/materialdetect/share/materialdetect//launch/matdetect.launch.py
[0.983s] -- Up-to-date: /mnt/c/Users/TexSort/Desktop/MasterThesis/materialDetectionTextile/ros_ws/install/materialdetect/share/ament_index/resource_index/package_run_dependencies/materialdetect
[1.062s] -- Up-to-date: /mnt/c/Users/TexSort/Desktop/MasterThesis/materialDetectionTextile/ros_ws/install/materialdetect/share/ament_index/resource_index/parent_prefix_path/materialdetect
[1.101s] -- Up-to-date: /mnt/c/Users/TexSort/Desktop/MasterThesis/materialDetectionTextile/ros_ws/install/materialdetect/share/materialdetect/environment/ament_prefix_path.sh
[1.153s] -- Up-to-date: /mnt/c/Users/TexSort/Desktop/MasterThesis/materialDetectionTextile/ros_ws/install/materialdetect/share/materialdetect/environment/ament_prefix_path.dsv
[1.190s] -- Up-to-date: /mnt/c/Users/TexSort/Desktop/MasterThesis/materialDetectionTextile/ros_ws/install/materialdetect/share/materialdetect/environment/path.sh
[1.233s] -- Up-to-date: /mnt/c/Users/TexSort/Desktop/MasterThesis/materialDetectionTextile/ros_ws/install/materialdetect/share/materialdetect/environment/path.dsv
[1.283s] -- Up-to-date: /mnt/c/Users/TexSort/Desktop/MasterThesis/materialDetectionTextile/ros_ws/install/materialdetect/share/materialdetect/local_setup.bash
[1.318s] -- Up-to-date: /mnt/c/Users/TexSort/Desktop/MasterThesis/materialDetectionTextile/ros_ws/install/materialdetect/share/materialdetect/local_setup.sh
[1.364s] -- Up-to-date: /mnt/c/Users/TexSort/Desktop/MasterThesis/materialDetectionTextile/ros_ws/install/materialdetect/share/materialdetect/local_setup.zsh
[1.399s] -- Up-to-date: /mnt/c/Users/TexSort/Desktop/MasterThesis/materialDetectionTextile/ros_ws/install/materialdetect/share/materialdetect/local_setup.dsv
[1.434s] -- Installing: /mnt/c/Users/TexSort/Desktop/MasterThesis/materialDetectionTextile/ros_ws/install/materialdetect/share/materialdetect/package.dsv
[1.613s] -- Up-to-date: /mnt/c/Users/TexSort/Desktop/MasterThesis/materialDetectionTextile/ros_ws/install/materialdetect/share/ament_index/resource_index/packages/materialdetect
[1.670s] -- Up-to-date: /mnt/c/Users/TexSort/Desktop/MasterThesis/materialDetectionTextile/ros_ws/install/materialdetect/share/materialdetect/cmake/materialdetectConfig.cmake
[1.704s] -- Up-to-date: /mnt/c/Users/TexSort/Desktop/MasterThesis/materialDetectionTextile/ros_ws/install/materialdetect/share/materialdetect/cmake/materialdetectConfig-version.cmake
[1.752s] -- Up-to-date: /mnt/c/Users/TexSort/Desktop/MasterThesis/materialDetectionTextile/ros_ws/install/materialdetect/share/materialdetect/package.xml
[1.776s] Invoked command in '/mnt/c/Users/TexSort/Desktop/MasterThesis/materialDetectionTextile/ros_ws/build/materialdetect' returned '0': AMENT_PREFIX_PATH=/mnt/c/Users/TexSort/Desktop/MasterThesis/materialDetectionTextile/ros_ws/install/py_pubsub:${AMENT_PREFIX_PATH} CMAKE_PREFIX_PATH=/opt/ros/humble PYTHONPATH=/mnt/c/Users/TexSort/Desktop/MasterThesis/materialDetectionTextile/ros_ws/install/py_pubsub/lib/python3.10/site-packages:${PYTHONPATH} /usr/bin/cmake --install /mnt/c/Users/TexSort/Desktop/MasterThesis/materialDetectionTextile/ros_ws/build/materialdetect
