[1.397s] DEBUG:colcon:Command line arguments: ['/usr/bin/colcon', 'build']
[1.398s] DEBUG:colcon:Parsed command line arguments: Namespace(log_base=None, log_level=None, verb_name='build', build_base='build', install_base='install', merge_install=False, symlink_install=False, test_result_base=None, continue_on_error=False, executor='parallel', parallel_workers=4, event_handlers=None, ignore_user_meta=False, metas=['./colcon.meta'], base_paths=['.'], packages_ignore=None, packages_ignore_regex=None, paths=None, packages_up_to=None, packages_up_to_regex=None, packages_above=None, packages_above_and_dependencies=None, packages_above_depth=None, packages_select_by_dep=None, packages_skip_by_dep=None, packages_skip_up_to=None, packages_select_build_failed=False, packages_skip_build_finished=False, packages_select_test_failures=False, packages_skip_test_passed=False, packages_select=None, packages_skip=None, packages_select_regex=None, packages_skip_regex=None, packages_start=None, packages_end=None, allow_overriding=[], cmake_args=None, cmake_target=None, cmake_target_skip_unavailable=False, cmake_clean_cache=False, cmake_clean_first=False, cmake_force_configure=False, ament_cmake_args=None, catkin_cmake_args=None, catkin_skip_building_tests=False, verb_parser=<colcon_defaults.argument_parser.defaults.DefaultArgumentsDecorator object at 0x7f7209e7b910>, verb_extension=<colcon_core.verb.build.BuildVerb object at 0x7f720a0467d0>, main=<bound method BuildVerb.main of <colcon_core.verb.build.BuildVerb object at 0x7f720a0467d0>>)
[1.563s] Level 1:colcon.colcon_core.package_discovery:discover_packages(colcon_meta) check parameters
[1.564s] Level 1:colcon.colcon_core.package_discovery:discover_packages(recursive) check parameters
[1.565s] Level 1:colcon.colcon_core.package_discovery:discover_packages(ignore) check parameters
[1.565s] Level 1:colcon.colcon_core.package_discovery:discover_packages(path) check parameters
[1.565s] Level 1:colcon.colcon_core.package_discovery:discover_packages(colcon_meta) discover
[1.566s] Level 1:colcon.colcon_core.package_discovery:discover_packages(recursive) discover
[1.566s] INFO:colcon.colcon_core.package_discovery:Crawling recursively for packages in '/mnt/c/Users/TexSort/Desktop/MasterThesis/materialdetectiontextile/ros_ws'
[1.569s] Level 1:colcon.colcon_core.package_identification:_identify(.) by extensions ['ignore', 'ignore_ament_install']
[1.570s] Level 1:colcon.colcon_core.package_identification:_identify(.) by extension 'ignore'
[1.570s] Level 1:colcon.colcon_core.package_identification:_identify(.) by extension 'ignore_ament_install'
[1.572s] Level 1:colcon.colcon_core.package_identification:_identify(.) by extensions ['colcon_pkg']
[1.572s] Level 1:colcon.colcon_core.package_identification:_identify(.) by extension 'colcon_pkg'
[1.573s] Level 1:colcon.colcon_core.package_identification:_identify(.) by extensions ['colcon_meta']
[1.573s] Level 1:colcon.colcon_core.package_identification:_identify(.) by extension 'colcon_meta'
[1.574s] Level 1:colcon.colcon_core.package_identification:_identify(.) by extensions ['ros']
[1.574s] Level 1:colcon.colcon_core.package_identification:_identify(.) by extension 'ros'
[1.599s] Level 1:colcon.colcon_core.package_identification:_identify(.) by extensions ['cmake', 'python']
[1.600s] Level 1:colcon.colcon_core.package_identification:_identify(.) by extension 'cmake'
[1.601s] Level 1:colcon.colcon_core.package_identification:_identify(.) by extension 'python'
[1.601s] Level 1:colcon.colcon_core.package_identification:_identify(.) by extensions ['python_setup_py']
[1.602s] Level 1:colcon.colcon_core.package_identification:_identify(.) by extension 'python_setup_py'
[1.608s] Level 1:colcon.colcon_core.package_identification:_identify(build) by extensions ['ignore', 'ignore_ament_install']
[1.609s] Level 1:colcon.colcon_core.package_identification:_identify(build) by extension 'ignore'
[1.612s] Level 1:colcon.colcon_core.package_identification:_identify(build) ignored
[1.618s] Level 1:colcon.colcon_core.package_identification:_identify(install) by extensions ['ignore', 'ignore_ament_install']
[1.618s] Level 1:colcon.colcon_core.package_identification:_identify(install) by extension 'ignore'
[1.621s] Level 1:colcon.colcon_core.package_identification:_identify(install) ignored
[1.630s] Level 1:colcon.colcon_core.package_identification:_identify(log) by extensions ['ignore', 'ignore_ament_install']
[1.631s] Level 1:colcon.colcon_core.package_identification:_identify(log) by extension 'ignore'
[1.633s] Level 1:colcon.colcon_core.package_identification:_identify(log) ignored
[1.639s] Level 1:colcon.colcon_core.package_identification:_identify(src) by extensions ['ignore', 'ignore_ament_install']
[1.640s] Level 1:colcon.colcon_core.package_identification:_identify(src) by extension 'ignore'
[1.642s] Level 1:colcon.colcon_core.package_identification:_identify(src) by extension 'ignore_ament_install'
[1.646s] Level 1:colcon.colcon_core.package_identification:_identify(src) by extensions ['colcon_pkg']
[1.647s] Level 1:colcon.colcon_core.package_identification:_identify(src) by extension 'colcon_pkg'
[1.649s] Level 1:colcon.colcon_core.package_identification:_identify(src) by extensions ['colcon_meta']
[1.650s] Level 1:colcon.colcon_core.package_identification:_identify(src) by extension 'colcon_meta'
[1.652s] Level 1:colcon.colcon_core.package_identification:_identify(src) by extensions ['ros']
[1.652s] Level 1:colcon.colcon_core.package_identification:_identify(src) by extension 'ros'
[1.661s] Level 1:colcon.colcon_core.package_identification:_identify(src) by extensions ['cmake', 'python']
[1.661s] Level 1:colcon.colcon_core.package_identification:_identify(src) by extension 'cmake'
[1.664s] Level 1:colcon.colcon_core.package_identification:_identify(src) by extension 'python'
[1.666s] Level 1:colcon.colcon_core.package_identification:_identify(src) by extensions ['python_setup_py']
[1.667s] Level 1:colcon.colcon_core.package_identification:_identify(src) by extension 'python_setup_py'
[1.678s] Level 1:colcon.colcon_core.package_identification:_identify(src/materialdetect) by extensions ['ignore', 'ignore_ament_install']
[1.679s] Level 1:colcon.colcon_core.package_identification:_identify(src/materialdetect) by extension 'ignore'
[1.683s] Level 1:colcon.colcon_core.package_identification:_identify(src/materialdetect) by extension 'ignore_ament_install'
[1.688s] Level 1:colcon.colcon_core.package_identification:_identify(src/materialdetect) by extensions ['colcon_pkg']
[1.689s] Level 1:colcon.colcon_core.package_identification:_identify(src/materialdetect) by extension 'colcon_pkg'
[1.692s] Level 1:colcon.colcon_core.package_identification:_identify(src/materialdetect) by extensions ['colcon_meta']
[1.693s] Level 1:colcon.colcon_core.package_identification:_identify(src/materialdetect) by extension 'colcon_meta'
[1.698s] Level 1:colcon.colcon_core.package_identification:_identify(src/materialdetect) by extensions ['ros']
[1.698s] Level 1:colcon.colcon_core.package_identification:_identify(src/materialdetect) by extension 'ros'
[1.738s] DEBUG:colcon.colcon_core.package_identification:Package 'src/materialdetect' with type 'ros.ament_cmake' and name 'materialdetect'
[1.749s] Level 1:colcon.colcon_core.package_identification:_identify(src/py_pubsub) by extensions ['ignore', 'ignore_ament_install']
[1.750s] Level 1:colcon.colcon_core.package_identification:_identify(src/py_pubsub) by extension 'ignore'
[1.753s] Level 1:colcon.colcon_core.package_identification:_identify(src/py_pubsub) by extension 'ignore_ament_install'
[1.761s] Level 1:colcon.colcon_core.package_identification:_identify(src/py_pubsub) by extensions ['colcon_pkg']
[1.761s] Level 1:colcon.colcon_core.package_identification:_identify(src/py_pubsub) by extension 'colcon_pkg'
[1.765s] Level 1:colcon.colcon_core.package_identification:_identify(src/py_pubsub) by extensions ['colcon_meta']
[1.766s] Level 1:colcon.colcon_core.package_identification:_identify(src/py_pubsub) by extension 'colcon_meta'
[1.771s] Level 1:colcon.colcon_core.package_identification:_identify(src/py_pubsub) by extensions ['ros']
[1.772s] Level 1:colcon.colcon_core.package_identification:_identify(src/py_pubsub) by extension 'ros'
[1.810s] DEBUG:colcon.colcon_core.package_identification:Package 'src/py_pubsub' with type 'ros.ament_python' and name 'py_pubsub'
[1.811s] Level 1:colcon.colcon_core.package_discovery:discover_packages(recursive) using defaults
[1.812s] Level 1:colcon.colcon_core.package_discovery:discover_packages(ignore) discover
[1.812s] Level 1:colcon.colcon_core.package_discovery:discover_packages(ignore) using defaults
[1.813s] Level 1:colcon.colcon_core.package_discovery:discover_packages(path) discover
[1.813s] Level 1:colcon.colcon_core.package_discovery:discover_packages(path) using defaults
[1.995s] Level 1:colcon.colcon_core.package_discovery:discover_packages(prefix_path) check parameters
[1.996s] Level 1:colcon.colcon_core.package_discovery:discover_packages(prefix_path) discover
[2.015s] Level 1:colcon.colcon_core.package_discovery:discover_packages(prefix_path) using defaults
[2.046s] Level 5:colcon.colcon_core.verb:set package 'py_pubsub' build argument 'cmake_args' from command line to 'None'
[2.047s] Level 5:colcon.colcon_core.verb:set package 'py_pubsub' build argument 'cmake_target' from command line to 'None'
[2.048s] Level 5:colcon.colcon_core.verb:set package 'py_pubsub' build argument 'cmake_target_skip_unavailable' from command line to 'False'
[2.049s] Level 5:colcon.colcon_core.verb:set package 'py_pubsub' build argument 'cmake_clean_cache' from command line to 'False'
[2.049s] Level 5:colcon.colcon_core.verb:set package 'py_pubsub' build argument 'cmake_clean_first' from command line to 'False'
[2.050s] Level 5:colcon.colcon_core.verb:set package 'py_pubsub' build argument 'cmake_force_configure' from command line to 'False'
[2.051s] Level 5:colcon.colcon_core.verb:set package 'py_pubsub' build argument 'ament_cmake_args' from command line to 'None'
[2.051s] Level 5:colcon.colcon_core.verb:set package 'py_pubsub' build argument 'catkin_cmake_args' from command line to 'None'
[2.052s] Level 5:colcon.colcon_core.verb:set package 'py_pubsub' build argument 'catkin_skip_building_tests' from command line to 'False'
[2.053s] DEBUG:colcon.colcon_core.verb:Building package 'py_pubsub' with the following arguments: {'ament_cmake_args': None, 'build_base': '/mnt/c/Users/TexSort/Desktop/MasterThesis/materialdetectiontextile/ros_ws/build/py_pubsub', 'catkin_cmake_args': None, 'catkin_skip_building_tests': False, 'cmake_args': None, 'cmake_clean_cache': False, 'cmake_clean_first': False, 'cmake_force_configure': False, 'cmake_target': None, 'cmake_target_skip_unavailable': False, 'install_base': '/mnt/c/Users/TexSort/Desktop/MasterThesis/materialdetectiontextile/ros_ws/install/py_pubsub', 'merge_install': False, 'path': '/mnt/c/Users/TexSort/Desktop/MasterThesis/materialdetectiontextile/ros_ws/src/py_pubsub', 'symlink_install': False, 'test_result_base': None}
[2.068s] Level 5:colcon.colcon_core.verb:set package 'materialdetect' build argument 'cmake_args' from command line to 'None'
[2.068s] Level 5:colcon.colcon_core.verb:set package 'materialdetect' build argument 'cmake_target' from command line to 'None'
[2.069s] Level 5:colcon.colcon_core.verb:set package 'materialdetect' build argument 'cmake_target_skip_unavailable' from command line to 'False'
[2.070s] Level 5:colcon.colcon_core.verb:set package 'materialdetect' build argument 'cmake_clean_cache' from command line to 'False'
[2.070s] Level 5:colcon.colcon_core.verb:set package 'materialdetect' build argument 'cmake_clean_first' from command line to 'False'
[2.071s] Level 5:colcon.colcon_core.verb:set package 'materialdetect' build argument 'cmake_force_configure' from command line to 'False'
[2.072s] Level 5:colcon.colcon_core.verb:set package 'materialdetect' build argument 'ament_cmake_args' from command line to 'None'
[2.072s] Level 5:colcon.colcon_core.verb:set package 'materialdetect' build argument 'catkin_cmake_args' from command line to 'None'
[2.073s] Level 5:colcon.colcon_core.verb:set package 'materialdetect' build argument 'catkin_skip_building_tests' from command line to 'False'
[2.074s] DEBUG:colcon.colcon_core.verb:Building package 'materialdetect' with the following arguments: {'ament_cmake_args': None, 'build_base': '/mnt/c/Users/TexSort/Desktop/MasterThesis/materialdetectiontextile/ros_ws/build/materialdetect', 'catkin_cmake_args': None, 'catkin_skip_building_tests': False, 'cmake_args': None, 'cmake_clean_cache': False, 'cmake_clean_first': False, 'cmake_force_configure': False, 'cmake_target': None, 'cmake_target_skip_unavailable': False, 'install_base': '/mnt/c/Users/TexSort/Desktop/MasterThesis/materialdetectiontextile/ros_ws/install/materialdetect', 'merge_install': False, 'path': '/mnt/c/Users/TexSort/Desktop/MasterThesis/materialdetectiontextile/ros_ws/src/materialdetect', 'symlink_install': False, 'test_result_base': None}
[2.088s] INFO:colcon.colcon_core.executor:Executing jobs using 'parallel' executor
[2.104s] DEBUG:colcon.colcon_parallel_executor.executor.parallel:run_until_complete
[2.106s] INFO:colcon.colcon_ros.task.ament_python.build:Building ROS package in '/mnt/c/Users/TexSort/Desktop/MasterThesis/materialdetectiontextile/ros_ws/src/py_pubsub' with build type 'ament_python'
[2.107s] Level 1:colcon.colcon_core.shell:create_environment_hook('py_pubsub', 'ament_prefix_path')
[2.148s] INFO:colcon.colcon_core.plugin_system:Skipping extension 'colcon_core.shell.bat': Not used on non-Windows systems
[2.153s] INFO:colcon.colcon_core.shell:Creating environment hook '/mnt/c/Users/TexSort/Desktop/MasterThesis/materialdetectiontextile/ros_ws/install/py_pubsub/share/py_pubsub/hook/ament_prefix_path.ps1'
[2.199s] INFO:colcon.colcon_core.shell:Creating environment descriptor '/mnt/c/Users/TexSort/Desktop/MasterThesis/materialdetectiontextile/ros_ws/install/py_pubsub/share/py_pubsub/hook/ament_prefix_path.dsv'
[2.255s] INFO:colcon.colcon_core.shell:Creating environment hook '/mnt/c/Users/TexSort/Desktop/MasterThesis/materialdetectiontextile/ros_ws/install/py_pubsub/share/py_pubsub/hook/ament_prefix_path.sh'
[2.318s] INFO:colcon.colcon_core.shell:Skip shell extension 'powershell' for command environment: Not usable outside of PowerShell
[2.318s] DEBUG:colcon.colcon_core.shell:Skip shell extension 'dsv' for command environment
[2.984s] INFO:colcon.colcon_core.task.python.build:Building Python package in '/mnt/c/Users/TexSort/Desktop/MasterThesis/materialdetectiontextile/ros_ws/src/py_pubsub'
[3.008s] INFO:colcon.colcon_core.shell:Skip shell extension 'powershell' for command environment: Not usable outside of PowerShell
[3.009s] DEBUG:colcon.colcon_core.shell:Skip shell extension 'dsv' for command environment
[5.659s] DEBUG:colcon.colcon_core.event_handler.log_command:Invoking command in '/mnt/c/Users/TexSort/Desktop/MasterThesis/materialdetectiontextile/ros_ws/src/py_pubsub': PYTHONPATH=/mnt/c/Users/TexSort/Desktop/MasterThesis/materialdetectiontextile/ros_ws/build/py_pubsub/prefix_override:/mnt/c/Users/TexSort/Desktop/MasterThesis/materialdetectiontextile/ros_ws/install/py_pubsub/lib/python3.10/site-packages: /usr/bin/python3 setup.py egg_info --egg-base ../../build/py_pubsub build --build-base /mnt/c/Users/TexSort/Desktop/MasterThesis/materialdetectiontextile/ros_ws/build/py_pubsub/build install --record /mnt/c/Users/TexSort/Desktop/MasterThesis/materialdetectiontextile/ros_ws/build/py_pubsub/install.log --single-version-externally-managed
[10.161s] DEBUG:colcon.colcon_core.event_handler.log_command:Invoked command in '/mnt/c/Users/TexSort/Desktop/MasterThesis/materialdetectiontextile/ros_ws/src/py_pubsub' returned '0': PYTHONPATH=/mnt/c/Users/TexSort/Desktop/MasterThesis/materialdetectiontextile/ros_ws/build/py_pubsub/prefix_override:/mnt/c/Users/TexSort/Desktop/MasterThesis/materialdetectiontextile/ros_ws/install/py_pubsub/lib/python3.10/site-packages: /usr/bin/python3 setup.py egg_info --egg-base ../../build/py_pubsub build --build-base /mnt/c/Users/TexSort/Desktop/MasterThesis/materialdetectiontextile/ros_ws/build/py_pubsub/build install --record /mnt/c/Users/TexSort/Desktop/MasterThesis/materialdetectiontextile/ros_ws/build/py_pubsub/install.log --single-version-externally-managed
[10.189s] Level 1:colcon.colcon_core.environment:checking '/mnt/c/Users/TexSort/Desktop/MasterThesis/materialdetectiontextile/ros_ws/install/py_pubsub' for CMake module files
[10.308s] Level 1:colcon.colcon_core.environment:checking '/mnt/c/Users/TexSort/Desktop/MasterThesis/materialdetectiontextile/ros_ws/install/py_pubsub' for CMake config files
[10.492s] Level 1:colcon.colcon_core.environment:checking '/mnt/c/Users/TexSort/Desktop/MasterThesis/materialdetectiontextile/ros_ws/install/py_pubsub/lib'
[10.503s] Level 1:colcon.colcon_core.environment:checking '/mnt/c/Users/TexSort/Desktop/MasterThesis/materialdetectiontextile/ros_ws/install/py_pubsub/bin'
[10.505s] Level 1:colcon.colcon_core.environment:checking '/mnt/c/Users/TexSort/Desktop/MasterThesis/materialdetectiontextile/ros_ws/install/py_pubsub/lib/pkgconfig/py_pubsub.pc'
[10.510s] Level 1:colcon.colcon_core.environment:checking '/mnt/c/Users/TexSort/Desktop/MasterThesis/materialdetectiontextile/ros_ws/install/py_pubsub/lib/python3.10/site-packages'
[10.514s] Level 1:colcon.colcon_core.shell:create_environment_hook('py_pubsub', 'pythonpath')
[10.530s] INFO:colcon.colcon_core.shell:Creating environment hook '/mnt/c/Users/TexSort/Desktop/MasterThesis/materialdetectiontextile/ros_ws/install/py_pubsub/share/py_pubsub/hook/pythonpath.ps1'
[10.576s] INFO:colcon.colcon_core.shell:Creating environment descriptor '/mnt/c/Users/TexSort/Desktop/MasterThesis/materialdetectiontextile/ros_ws/install/py_pubsub/share/py_pubsub/hook/pythonpath.dsv'
[10.608s] INFO:colcon.colcon_core.shell:Creating environment hook '/mnt/c/Users/TexSort/Desktop/MasterThesis/materialdetectiontextile/ros_ws/install/py_pubsub/share/py_pubsub/hook/pythonpath.sh'
[10.640s] Level 1:colcon.colcon_core.environment:checking '/mnt/c/Users/TexSort/Desktop/MasterThesis/materialdetectiontextile/ros_ws/install/py_pubsub/bin'
[10.643s] Level 1:colcon.colcon_core.environment:create_environment_scripts_only(py_pubsub)
[10.669s] INFO:colcon.colcon_core.shell:Creating package script '/mnt/c/Users/TexSort/Desktop/MasterThesis/materialdetectiontextile/ros_ws/install/py_pubsub/share/py_pubsub/package.ps1'
[10.709s] INFO:colcon.colcon_core.shell:Creating package descriptor '/mnt/c/Users/TexSort/Desktop/MasterThesis/materialdetectiontextile/ros_ws/install/py_pubsub/share/py_pubsub/package.dsv'
[10.735s] INFO:colcon.colcon_core.shell:Creating package script '/mnt/c/Users/TexSort/Desktop/MasterThesis/materialdetectiontextile/ros_ws/install/py_pubsub/share/py_pubsub/package.sh'
[10.785s] INFO:colcon.colcon_core.shell:Creating package script '/mnt/c/Users/TexSort/Desktop/MasterThesis/materialdetectiontextile/ros_ws/install/py_pubsub/share/py_pubsub/package.bash'
[10.817s] INFO:colcon.colcon_core.shell:Creating package script '/mnt/c/Users/TexSort/Desktop/MasterThesis/materialdetectiontextile/ros_ws/install/py_pubsub/share/py_pubsub/package.zsh'
[10.845s] Level 1:colcon.colcon_core.environment:create_file_with_runtime_dependencies(/mnt/c/Users/TexSort/Desktop/MasterThesis/materialdetectiontextile/ros_ws/install/py_pubsub/share/colcon-core/packages/py_pubsub)
[10.874s] INFO:colcon.colcon_ros.task.ament_cmake.build:Building ROS package in '/mnt/c/Users/TexSort/Desktop/MasterThesis/materialdetectiontextile/ros_ws/src/materialdetect' with build type 'ament_cmake'
[10.875s] INFO:colcon.colcon_cmake.task.cmake.build:Building CMake package in '/mnt/c/Users/TexSort/Desktop/MasterThesis/materialdetectiontextile/ros_ws/src/materialdetect'
[10.918s] INFO:colcon.colcon_core.shell:Skip shell extension 'powershell' for command environment: Not usable outside of PowerShell
[10.919s] DEBUG:colcon.colcon_core.shell:Skip shell extension 'dsv' for command environment
[11.187s] DEBUG:colcon.colcon_core.event_handler.log_command:Invoking command in '/mnt/c/Users/TexSort/Desktop/MasterThesis/materialdetectiontextile/ros_ws/build/materialdetect': AMENT_PREFIX_PATH=/mnt/c/Users/TexSort/Desktop/MasterThesis/materialdetectiontextile/ros_ws/install/py_pubsub PYTHONPATH=/mnt/c/Users/TexSort/Desktop/MasterThesis/materialdetectiontextile/ros_ws/install/py_pubsub/lib/python3.10/site-packages /usr/bin/cmake /mnt/c/Users/TexSort/Desktop/MasterThesis/materialdetectiontextile/ros_ws/src/materialdetect -DCMAKE_INSTALL_PREFIX=/mnt/c/Users/TexSort/Desktop/MasterThesis/materialdetectiontextile/ros_ws/install/materialdetect
[18.352s] DEBUG:colcon.colcon_core.event_handler.log_command:Invoked command in '/mnt/c/Users/TexSort/Desktop/MasterThesis/materialdetectiontextile/ros_ws/build/materialdetect' returned '1': AMENT_PREFIX_PATH=/mnt/c/Users/TexSort/Desktop/MasterThesis/materialdetectiontextile/ros_ws/install/py_pubsub PYTHONPATH=/mnt/c/Users/TexSort/Desktop/MasterThesis/materialdetectiontextile/ros_ws/install/py_pubsub/lib/python3.10/site-packages /usr/bin/cmake /mnt/c/Users/TexSort/Desktop/MasterThesis/materialdetectiontextile/ros_ws/src/materialdetect -DCMAKE_INSTALL_PREFIX=/mnt/c/Users/TexSort/Desktop/MasterThesis/materialdetectiontextile/ros_ws/install/materialdetect
[18.410s] Level 1:colcon.colcon_core.environment:create_environment_scripts_only(materialdetect)
[18.426s] Level 1:colcon.colcon_core.environment:checking '/mnt/c/Users/TexSort/Desktop/MasterThesis/materialdetectiontextile/ros_ws/install/materialdetect' for CMake module files
[18.456s] Level 1:colcon.colcon_core.environment:checking '/mnt/c/Users/TexSort/Desktop/MasterThesis/materialdetectiontextile/ros_ws/install/materialdetect' for CMake config files
[18.460s] Level 1:colcon.colcon_core.environment:checking '/mnt/c/Users/TexSort/Desktop/MasterThesis/materialdetectiontextile/ros_ws/install/materialdetect/bin'
[18.462s] Level 1:colcon.colcon_core.environment:checking '/mnt/c/Users/TexSort/Desktop/MasterThesis/materialdetectiontextile/ros_ws/install/materialdetect/lib/pkgconfig/materialdetect.pc'
[18.465s] Level 1:colcon.colcon_core.environment:checking '/mnt/c/Users/TexSort/Desktop/MasterThesis/materialdetectiontextile/ros_ws/install/materialdetect/lib/python3.10/site-packages'
[18.469s] Level 1:colcon.colcon_core.environment:checking '/mnt/c/Users/TexSort/Desktop/MasterThesis/materialdetectiontextile/ros_ws/install/materialdetect/bin'
[18.496s] INFO:colcon.colcon_core.shell:Creating package script '/mnt/c/Users/TexSort/Desktop/MasterThesis/materialdetectiontextile/ros_ws/install/materialdetect/share/materialdetect/package.ps1'
[18.539s] INFO:colcon.colcon_core.shell:Creating package descriptor '/mnt/c/Users/TexSort/Desktop/MasterThesis/materialdetectiontextile/ros_ws/install/materialdetect/share/materialdetect/package.dsv'
[18.569s] INFO:colcon.colcon_core.shell:Creating package script '/mnt/c/Users/TexSort/Desktop/MasterThesis/materialdetectiontextile/ros_ws/install/materialdetect/share/materialdetect/package.sh'
[18.607s] INFO:colcon.colcon_core.shell:Creating package script '/mnt/c/Users/TexSort/Desktop/MasterThesis/materialdetectiontextile/ros_ws/install/materialdetect/share/materialdetect/package.bash'
[18.637s] INFO:colcon.colcon_core.shell:Creating package script '/mnt/c/Users/TexSort/Desktop/MasterThesis/materialdetectiontextile/ros_ws/install/materialdetect/share/materialdetect/package.zsh'
[18.673s] Level 1:colcon.colcon_core.environment:create_file_with_runtime_dependencies(/mnt/c/Users/TexSort/Desktop/MasterThesis/materialdetectiontextile/ros_ws/install/materialdetect/share/colcon-core/packages/materialdetect)
[18.722s] DEBUG:colcon.colcon_parallel_executor.executor.parallel:closing loop
[18.722s] DEBUG:colcon.colcon_parallel_executor.executor.parallel:loop closed
[18.723s] DEBUG:colcon.colcon_parallel_executor.executor.parallel:run_until_complete finished with '1'
[18.724s] DEBUG:colcon.colcon_core.event_reactor:joining thread
[18.808s] INFO:colcon.colcon_core.plugin_system:Skipping extension 'colcon_notification.desktop_notification.notify_send': Could not find 'notify-send'
[18.808s] INFO:colcon.colcon_core.plugin_system:Skipping extension 'colcon_notification.desktop_notification.terminal_notifier': Not used on non-Darwin systems
[18.809s] INFO:colcon.colcon_core.plugin_system:Skipping extension 'colcon_notification.desktop_notification.win32': Not used on non-Windows systems
[18.809s] INFO:colcon.colcon_notification.desktop_notification:Sending desktop notification using 'notify2'
[18.810s] DEBUG:colcon.colcon_notification.desktop_notification.notify2:Failed to initialize notify2: org.freedesktop.DBus.Error.FileNotFound: Failed to connect to socket /run/user/1000/bus: No such file or directory
[18.811s] DEBUG:colcon.colcon_core.event_reactor:joined thread
[18.827s] INFO:colcon.colcon_core.shell:Creating prefix script '/mnt/c/Users/TexSort/Desktop/MasterThesis/materialdetectiontextile/ros_ws/install/local_setup.ps1'
[18.850s] INFO:colcon.colcon_core.shell:Creating prefix util module '/mnt/c/Users/TexSort/Desktop/MasterThesis/materialdetectiontextile/ros_ws/install/_local_setup_util_ps1.py'
[18.887s] INFO:colcon.colcon_core.shell:Creating prefix chain script '/mnt/c/Users/TexSort/Desktop/MasterThesis/materialdetectiontextile/ros_ws/install/setup.ps1'
[18.933s] INFO:colcon.colcon_core.shell:Creating prefix script '/mnt/c/Users/TexSort/Desktop/MasterThesis/materialdetectiontextile/ros_ws/install/local_setup.sh'
[18.954s] INFO:colcon.colcon_core.shell:Creating prefix util module '/mnt/c/Users/TexSort/Desktop/MasterThesis/materialdetectiontextile/ros_ws/install/_local_setup_util_sh.py'
[18.975s] INFO:colcon.colcon_core.shell:Creating prefix chain script '/mnt/c/Users/TexSort/Desktop/MasterThesis/materialdetectiontextile/ros_ws/install/setup.sh'
[19.009s] INFO:colcon.colcon_core.shell:Creating prefix script '/mnt/c/Users/TexSort/Desktop/MasterThesis/materialdetectiontextile/ros_ws/install/local_setup.bash'
[19.026s] INFO:colcon.colcon_core.shell:Creating prefix chain script '/mnt/c/Users/TexSort/Desktop/MasterThesis/materialdetectiontextile/ros_ws/install/setup.bash'
[19.052s] INFO:colcon.colcon_core.shell:Creating prefix script '/mnt/c/Users/TexSort/Desktop/MasterThesis/materialdetectiontextile/ros_ws/install/local_setup.zsh'
[19.064s] INFO:colcon.colcon_core.shell:Creating prefix chain script '/mnt/c/Users/TexSort/Desktop/MasterThesis/materialdetectiontextile/ros_ws/install/setup.zsh'
