[2.553s] DEBUG:colcon:Command line arguments: ['/usr/bin/colcon', 'build']
[2.554s] DEBUG:colcon:Parsed command line arguments: Namespace(log_base=None, log_level=None, verb_name='build', build_base='build', install_base='install', merge_install=False, symlink_install=False, test_result_base=None, continue_on_error=False, executor='parallel', parallel_workers=4, event_handlers=None, ignore_user_meta=False, metas=['./colcon.meta'], base_paths=['.'], packages_ignore=None, packages_ignore_regex=None, paths=None, packages_up_to=None, packages_up_to_regex=None, packages_above=None, packages_above_and_dependencies=None, packages_above_depth=None, packages_select_by_dep=None, packages_skip_by_dep=None, packages_skip_up_to=None, packages_select_build_failed=False, packages_skip_build_finished=False, packages_select_test_failures=False, packages_skip_test_passed=False, packages_select=None, packages_skip=None, packages_select_regex=None, packages_skip_regex=None, packages_start=None, packages_end=None, allow_overriding=[], cmake_args=None, cmake_target=None, cmake_target_skip_unavailable=False, cmake_clean_cache=False, cmake_clean_first=False, cmake_force_configure=False, ament_cmake_args=None, catkin_cmake_args=None, catkin_skip_building_tests=False, verb_parser=<colcon_defaults.argument_parser.defaults.DefaultArgumentsDecorator object at 0x7f37c90338b0>, verb_extension=<colcon_core.verb.build.BuildVerb object at 0x7f37c9032200>, main=<bound method BuildVerb.main of <colcon_core.verb.build.BuildVerb object at 0x7f37c9032200>>)
[2.694s] Level 1:colcon.colcon_core.package_discovery:discover_packages(colcon_meta) check parameters
[2.696s] Level 1:colcon.colcon_core.package_discovery:discover_packages(recursive) check parameters
[2.696s] Level 1:colcon.colcon_core.package_discovery:discover_packages(ignore) check parameters
[2.697s] Level 1:colcon.colcon_core.package_discovery:discover_packages(path) check parameters
[2.698s] Level 1:colcon.colcon_core.package_discovery:discover_packages(colcon_meta) discover
[2.699s] Level 1:colcon.colcon_core.package_discovery:discover_packages(recursive) discover
[2.700s] INFO:colcon.colcon_core.package_discovery:Crawling recursively for packages in '/mnt/c/Users/TexSort/Desktop/MasterThesis/materialDetectionTextile/ros_ws'
[2.705s] Level 1:colcon.colcon_core.package_identification:_identify(.) by extensions ['ignore', 'ignore_ament_install']
[2.706s] Level 1:colcon.colcon_core.package_identification:_identify(.) by extension 'ignore'
[2.708s] Level 1:colcon.colcon_core.package_identification:_identify(.) by extension 'ignore_ament_install'
[2.710s] Level 1:colcon.colcon_core.package_identification:_identify(.) by extensions ['colcon_pkg']
[2.710s] Level 1:colcon.colcon_core.package_identification:_identify(.) by extension 'colcon_pkg'
[2.712s] Level 1:colcon.colcon_core.package_identification:_identify(.) by extensions ['colcon_meta']
[2.713s] Level 1:colcon.colcon_core.package_identification:_identify(.) by extension 'colcon_meta'
[2.713s] Level 1:colcon.colcon_core.package_identification:_identify(.) by extensions ['ros']
[2.714s] Level 1:colcon.colcon_core.package_identification:_identify(.) by extension 'ros'
[2.741s] Level 1:colcon.colcon_core.package_identification:_identify(.) by extensions ['cmake', 'python']
[2.742s] Level 1:colcon.colcon_core.package_identification:_identify(.) by extension 'cmake'
[2.744s] Level 1:colcon.colcon_core.package_identification:_identify(.) by extension 'python'
[2.745s] Level 1:colcon.colcon_core.package_identification:_identify(.) by extensions ['python_setup_py']
[2.746s] Level 1:colcon.colcon_core.package_identification:_identify(.) by extension 'python_setup_py'
[2.757s] Level 1:colcon.colcon_core.package_identification:_identify(build) by extensions ['ignore', 'ignore_ament_install']
[2.758s] Level 1:colcon.colcon_core.package_identification:_identify(build) by extension 'ignore'
[2.764s] Level 1:colcon.colcon_core.package_identification:_identify(build) ignored
[2.774s] Level 1:colcon.colcon_core.package_identification:_identify(install) by extensions ['ignore', 'ignore_ament_install']
[2.775s] Level 1:colcon.colcon_core.package_identification:_identify(install) by extension 'ignore'
[2.780s] Level 1:colcon.colcon_core.package_identification:_identify(install) ignored
[2.795s] Level 1:colcon.colcon_core.package_identification:_identify(log) by extensions ['ignore', 'ignore_ament_install']
[2.796s] Level 1:colcon.colcon_core.package_identification:_identify(log) by extension 'ignore'
[2.800s] Level 1:colcon.colcon_core.package_identification:_identify(log) ignored
[2.809s] Level 1:colcon.colcon_core.package_identification:_identify(src) by extensions ['ignore', 'ignore_ament_install']
[2.810s] Level 1:colcon.colcon_core.package_identification:_identify(src) by extension 'ignore'
[2.814s] Level 1:colcon.colcon_core.package_identification:_identify(src) by extension 'ignore_ament_install'
[2.821s] Level 1:colcon.colcon_core.package_identification:_identify(src) by extensions ['colcon_pkg']
[2.821s] Level 1:colcon.colcon_core.package_identification:_identify(src) by extension 'colcon_pkg'
[2.825s] Level 1:colcon.colcon_core.package_identification:_identify(src) by extensions ['colcon_meta']
[2.826s] Level 1:colcon.colcon_core.package_identification:_identify(src) by extension 'colcon_meta'
[2.830s] Level 1:colcon.colcon_core.package_identification:_identify(src) by extensions ['ros']
[2.831s] Level 1:colcon.colcon_core.package_identification:_identify(src) by extension 'ros'
[2.845s] Level 1:colcon.colcon_core.package_identification:_identify(src) by extensions ['cmake', 'python']
[2.846s] Level 1:colcon.colcon_core.package_identification:_identify(src) by extension 'cmake'
[2.850s] Level 1:colcon.colcon_core.package_identification:_identify(src) by extension 'python'
[2.854s] Level 1:colcon.colcon_core.package_identification:_identify(src) by extensions ['python_setup_py']
[2.854s] Level 1:colcon.colcon_core.package_identification:_identify(src) by extension 'python_setup_py'
[2.875s] Level 1:colcon.colcon_core.package_identification:_identify(src/materialdetect) by extensions ['ignore', 'ignore_ament_install']
[2.876s] Level 1:colcon.colcon_core.package_identification:_identify(src/materialdetect) by extension 'ignore'
[2.882s] Level 1:colcon.colcon_core.package_identification:_identify(src/materialdetect) by extension 'ignore_ament_install'
[2.892s] Level 1:colcon.colcon_core.package_identification:_identify(src/materialdetect) by extensions ['colcon_pkg']
[2.893s] Level 1:colcon.colcon_core.package_identification:_identify(src/materialdetect) by extension 'colcon_pkg'
[2.899s] Level 1:colcon.colcon_core.package_identification:_identify(src/materialdetect) by extensions ['colcon_meta']
[2.900s] Level 1:colcon.colcon_core.package_identification:_identify(src/materialdetect) by extension 'colcon_meta'
[2.906s] Level 1:colcon.colcon_core.package_identification:_identify(src/materialdetect) by extensions ['ros']
[2.907s] Level 1:colcon.colcon_core.package_identification:_identify(src/materialdetect) by extension 'ros'
[2.953s] DEBUG:colcon.colcon_core.package_identification:Package 'src/materialdetect' with type 'ros.ament_cmake' and name 'materialdetect'
[2.980s] Level 1:colcon.colcon_core.package_identification:_identify(src/py_pubsub) by extensions ['ignore', 'ignore_ament_install']
[2.981s] Level 1:colcon.colcon_core.package_identification:_identify(src/py_pubsub) by extension 'ignore'
[2.984s] Level 1:colcon.colcon_core.package_identification:_identify(src/py_pubsub) by extension 'ignore_ament_install'
[2.995s] Level 1:colcon.colcon_core.package_identification:_identify(src/py_pubsub) by extensions ['colcon_pkg']
[2.996s] Level 1:colcon.colcon_core.package_identification:_identify(src/py_pubsub) by extension 'colcon_pkg'
[3.000s] Level 1:colcon.colcon_core.package_identification:_identify(src/py_pubsub) by extensions ['colcon_meta']
[3.000s] Level 1:colcon.colcon_core.package_identification:_identify(src/py_pubsub) by extension 'colcon_meta'
[3.007s] Level 1:colcon.colcon_core.package_identification:_identify(src/py_pubsub) by extensions ['ros']
[3.008s] Level 1:colcon.colcon_core.package_identification:_identify(src/py_pubsub) by extension 'ros'
[3.044s] DEBUG:colcon.colcon_core.package_identification:Package 'src/py_pubsub' with type 'ros.ament_python' and name 'py_pubsub'
[3.047s] Level 1:colcon.colcon_core.package_discovery:discover_packages(recursive) using defaults
[3.047s] Level 1:colcon.colcon_core.package_discovery:discover_packages(ignore) discover
[3.056s] Level 1:colcon.colcon_core.package_discovery:discover_packages(ignore) using defaults
[3.057s] Level 1:colcon.colcon_core.package_discovery:discover_packages(path) discover
[3.066s] Level 1:colcon.colcon_core.package_discovery:discover_packages(path) using defaults
[3.320s] Level 1:colcon.colcon_core.package_discovery:discover_packages(prefix_path) check parameters
[3.321s] Level 1:colcon.colcon_core.package_discovery:discover_packages(prefix_path) discover
[3.393s] DEBUG:colcon.colcon_installed_package_information.package_discovery:Found 270 installed packages in /opt/ros/humble
[3.396s] Level 1:colcon.colcon_core.package_discovery:discover_packages(prefix_path) using defaults
[3.611s] Level 5:colcon.colcon_core.verb:set package 'py_pubsub' build argument 'cmake_args' from command line to 'None'
[3.612s] Level 5:colcon.colcon_core.verb:set package 'py_pubsub' build argument 'cmake_target' from command line to 'None'
[3.612s] Level 5:colcon.colcon_core.verb:set package 'py_pubsub' build argument 'cmake_target_skip_unavailable' from command line to 'False'
[3.613s] Level 5:colcon.colcon_core.verb:set package 'py_pubsub' build argument 'cmake_clean_cache' from command line to 'False'
[3.614s] Level 5:colcon.colcon_core.verb:set package 'py_pubsub' build argument 'cmake_clean_first' from command line to 'False'
[3.614s] Level 5:colcon.colcon_core.verb:set package 'py_pubsub' build argument 'cmake_force_configure' from command line to 'False'
[3.615s] Level 5:colcon.colcon_core.verb:set package 'py_pubsub' build argument 'ament_cmake_args' from command line to 'None'
[3.616s] Level 5:colcon.colcon_core.verb:set package 'py_pubsub' build argument 'catkin_cmake_args' from command line to 'None'
[3.616s] Level 5:colcon.colcon_core.verb:set package 'py_pubsub' build argument 'catkin_skip_building_tests' from command line to 'False'
[3.617s] DEBUG:colcon.colcon_core.verb:Building package 'py_pubsub' with the following arguments: {'ament_cmake_args': None, 'build_base': '/mnt/c/Users/TexSort/Desktop/MasterThesis/materialDetectionTextile/ros_ws/build/py_pubsub', 'catkin_cmake_args': None, 'catkin_skip_building_tests': False, 'cmake_args': None, 'cmake_clean_cache': False, 'cmake_clean_first': False, 'cmake_force_configure': False, 'cmake_target': None, 'cmake_target_skip_unavailable': False, 'install_base': '/mnt/c/Users/TexSort/Desktop/MasterThesis/materialDetectionTextile/ros_ws/install/py_pubsub', 'merge_install': False, 'path': '/mnt/c/Users/TexSort/Desktop/MasterThesis/materialDetectionTextile/ros_ws/src/py_pubsub', 'symlink_install': False, 'test_result_base': None}
[3.649s] Level 5:colcon.colcon_core.verb:set package 'materialdetect' build argument 'cmake_args' from command line to 'None'
[3.650s] Level 5:colcon.colcon_core.verb:set package 'materialdetect' build argument 'cmake_target' from command line to 'None'
[3.650s] Level 5:colcon.colcon_core.verb:set package 'materialdetect' build argument 'cmake_target_skip_unavailable' from command line to 'False'
[3.651s] Level 5:colcon.colcon_core.verb:set package 'materialdetect' build argument 'cmake_clean_cache' from command line to 'False'
[3.651s] Level 5:colcon.colcon_core.verb:set package 'materialdetect' build argument 'cmake_clean_first' from command line to 'False'
[3.652s] Level 5:colcon.colcon_core.verb:set package 'materialdetect' build argument 'cmake_force_configure' from command line to 'False'
[3.652s] Level 5:colcon.colcon_core.verb:set package 'materialdetect' build argument 'ament_cmake_args' from command line to 'None'
[3.653s] Level 5:colcon.colcon_core.verb:set package 'materialdetect' build argument 'catkin_cmake_args' from command line to 'None'
[3.653s] Level 5:colcon.colcon_core.verb:set package 'materialdetect' build argument 'catkin_skip_building_tests' from command line to 'False'
[3.654s] DEBUG:colcon.colcon_core.verb:Building package 'materialdetect' with the following arguments: {'ament_cmake_args': None, 'build_base': '/mnt/c/Users/TexSort/Desktop/MasterThesis/materialDetectionTextile/ros_ws/build/materialdetect', 'catkin_cmake_args': None, 'catkin_skip_building_tests': False, 'cmake_args': None, 'cmake_clean_cache': False, 'cmake_clean_first': False, 'cmake_force_configure': False, 'cmake_target': None, 'cmake_target_skip_unavailable': False, 'install_base': '/mnt/c/Users/TexSort/Desktop/MasterThesis/materialDetectionTextile/ros_ws/install/materialdetect', 'merge_install': False, 'path': '/mnt/c/Users/TexSort/Desktop/MasterThesis/materialDetectionTextile/ros_ws/src/materialdetect', 'symlink_install': False, 'test_result_base': None}
[3.685s] INFO:colcon.colcon_core.executor:Executing jobs using 'parallel' executor
[3.718s] DEBUG:colcon.colcon_parallel_executor.executor.parallel:run_until_complete
[3.719s] INFO:colcon.colcon_ros.task.ament_python.build:Building ROS package in '/mnt/c/Users/TexSort/Desktop/MasterThesis/materialDetectionTextile/ros_ws/src/py_pubsub' with build type 'ament_python'
[3.720s] Level 1:colcon.colcon_core.shell:create_environment_hook('py_pubsub', 'ament_prefix_path')
[3.783s] INFO:colcon.colcon_core.plugin_system:Skipping extension 'colcon_core.shell.bat': Not used on non-Windows systems
[3.784s] INFO:colcon.colcon_core.shell:Creating environment hook '/mnt/c/Users/TexSort/Desktop/MasterThesis/materialDetectionTextile/ros_ws/install/py_pubsub/share/py_pubsub/hook/ament_prefix_path.ps1'
[3.887s] INFO:colcon.colcon_core.shell:Creating environment descriptor '/mnt/c/Users/TexSort/Desktop/MasterThesis/materialDetectionTextile/ros_ws/install/py_pubsub/share/py_pubsub/hook/ament_prefix_path.dsv'
[3.925s] INFO:colcon.colcon_core.shell:Creating environment hook '/mnt/c/Users/TexSort/Desktop/MasterThesis/materialDetectionTextile/ros_ws/install/py_pubsub/share/py_pubsub/hook/ament_prefix_path.sh'
[4.046s] INFO:colcon.colcon_core.shell:Skip shell extension 'powershell' for command environment: Not usable outside of PowerShell
[4.048s] DEBUG:colcon.colcon_core.shell:Skip shell extension 'dsv' for command environment
[4.866s] INFO:colcon.colcon_core.task.python.build:Building Python package in '/mnt/c/Users/TexSort/Desktop/MasterThesis/materialDetectionTextile/ros_ws/src/py_pubsub'
[4.901s] INFO:colcon.colcon_core.shell:Skip shell extension 'powershell' for command environment: Not usable outside of PowerShell
[4.901s] DEBUG:colcon.colcon_core.shell:Skip shell extension 'dsv' for command environment
[7.554s] DEBUG:colcon.colcon_core.event_handler.log_command:Invoking command in '/mnt/c/Users/TexSort/Desktop/MasterThesis/materialDetectionTextile/ros_ws/src/py_pubsub': PYTHONPATH=/mnt/c/Users/TexSort/Desktop/MasterThesis/materialDetectionTextile/ros_ws/build/py_pubsub/prefix_override:/mnt/c/Users/TexSort/Desktop/MasterThesis/materialDetectionTextile/ros_ws/install/py_pubsub/lib/python3.10/site-packages:${PYTHONPATH} /usr/bin/python3 setup.py egg_info --egg-base ../../build/py_pubsub build --build-base /mnt/c/Users/TexSort/Desktop/MasterThesis/materialDetectionTextile/ros_ws/build/py_pubsub/build install --record /mnt/c/Users/TexSort/Desktop/MasterThesis/materialDetectionTextile/ros_ws/build/py_pubsub/install.log --single-version-externally-managed
[12.118s] DEBUG:colcon.colcon_core.event_handler.log_command:Invoked command in '/mnt/c/Users/TexSort/Desktop/MasterThesis/materialDetectionTextile/ros_ws/src/py_pubsub' returned '0': PYTHONPATH=/mnt/c/Users/TexSort/Desktop/MasterThesis/materialDetectionTextile/ros_ws/build/py_pubsub/prefix_override:/mnt/c/Users/TexSort/Desktop/MasterThesis/materialDetectionTextile/ros_ws/install/py_pubsub/lib/python3.10/site-packages:${PYTHONPATH} /usr/bin/python3 setup.py egg_info --egg-base ../../build/py_pubsub build --build-base /mnt/c/Users/TexSort/Desktop/MasterThesis/materialDetectionTextile/ros_ws/build/py_pubsub/build install --record /mnt/c/Users/TexSort/Desktop/MasterThesis/materialDetectionTextile/ros_ws/build/py_pubsub/install.log --single-version-externally-managed
[12.154s] Level 1:colcon.colcon_core.environment:checking '/mnt/c/Users/TexSort/Desktop/MasterThesis/materialDetectionTextile/ros_ws/install/py_pubsub' for CMake module files
[12.360s] Level 1:colcon.colcon_core.environment:checking '/mnt/c/Users/TexSort/Desktop/MasterThesis/materialDetectionTextile/ros_ws/install/py_pubsub' for CMake config files
[12.722s] Level 1:colcon.colcon_core.environment:checking '/mnt/c/Users/TexSort/Desktop/MasterThesis/materialDetectionTextile/ros_ws/install/py_pubsub/lib'
[12.733s] Level 1:colcon.colcon_core.environment:checking '/mnt/c/Users/TexSort/Desktop/MasterThesis/materialDetectionTextile/ros_ws/install/py_pubsub/bin'
[12.736s] Level 1:colcon.colcon_core.environment:checking '/mnt/c/Users/TexSort/Desktop/MasterThesis/materialDetectionTextile/ros_ws/install/py_pubsub/lib/pkgconfig/py_pubsub.pc'
[12.740s] Level 1:colcon.colcon_core.environment:checking '/mnt/c/Users/TexSort/Desktop/MasterThesis/materialDetectionTextile/ros_ws/install/py_pubsub/lib/python3.10/site-packages'
[12.749s] Level 1:colcon.colcon_core.shell:create_environment_hook('py_pubsub', 'pythonpath')
[12.790s] INFO:colcon.colcon_core.shell:Creating environment hook '/mnt/c/Users/TexSort/Desktop/MasterThesis/materialDetectionTextile/ros_ws/install/py_pubsub/share/py_pubsub/hook/pythonpath.ps1'
[12.834s] INFO:colcon.colcon_core.shell:Creating environment descriptor '/mnt/c/Users/TexSort/Desktop/MasterThesis/materialDetectionTextile/ros_ws/install/py_pubsub/share/py_pubsub/hook/pythonpath.dsv'
[12.909s] INFO:colcon.colcon_core.shell:Creating environment hook '/mnt/c/Users/TexSort/Desktop/MasterThesis/materialDetectionTextile/ros_ws/install/py_pubsub/share/py_pubsub/hook/pythonpath.sh'
[12.973s] Level 1:colcon.colcon_core.environment:checking '/mnt/c/Users/TexSort/Desktop/MasterThesis/materialDetectionTextile/ros_ws/install/py_pubsub/bin'
[12.978s] Level 1:colcon.colcon_core.environment:create_environment_scripts_only(py_pubsub)
[13.023s] INFO:colcon.colcon_core.shell:Creating package script '/mnt/c/Users/TexSort/Desktop/MasterThesis/materialDetectionTextile/ros_ws/install/py_pubsub/share/py_pubsub/package.ps1'
[13.056s] INFO:colcon.colcon_core.shell:Creating package descriptor '/mnt/c/Users/TexSort/Desktop/MasterThesis/materialDetectionTextile/ros_ws/install/py_pubsub/share/py_pubsub/package.dsv'
[13.106s] INFO:colcon.colcon_core.shell:Creating package script '/mnt/c/Users/TexSort/Desktop/MasterThesis/materialDetectionTextile/ros_ws/install/py_pubsub/share/py_pubsub/package.sh'
[13.135s] INFO:colcon.colcon_core.shell:Creating package script '/mnt/c/Users/TexSort/Desktop/MasterThesis/materialDetectionTextile/ros_ws/install/py_pubsub/share/py_pubsub/package.bash'
[13.163s] INFO:colcon.colcon_core.shell:Creating package script '/mnt/c/Users/TexSort/Desktop/MasterThesis/materialDetectionTextile/ros_ws/install/py_pubsub/share/py_pubsub/package.zsh'
[13.198s] Level 1:colcon.colcon_core.environment:create_file_with_runtime_dependencies(/mnt/c/Users/TexSort/Desktop/MasterThesis/materialDetectionTextile/ros_ws/install/py_pubsub/share/colcon-core/packages/py_pubsub)
[13.220s] INFO:colcon.colcon_ros.task.ament_cmake.build:Building ROS package in '/mnt/c/Users/TexSort/Desktop/MasterThesis/materialDetectionTextile/ros_ws/src/materialdetect' with build type 'ament_cmake'
[13.221s] INFO:colcon.colcon_cmake.task.cmake.build:Building CMake package in '/mnt/c/Users/TexSort/Desktop/MasterThesis/materialDetectionTextile/ros_ws/src/materialdetect'
[13.266s] INFO:colcon.colcon_core.shell:Skip shell extension 'powershell' for command environment: Not usable outside of PowerShell
[13.267s] DEBUG:colcon.colcon_core.shell:Skip shell extension 'dsv' for command environment
[13.658s] DEBUG:colcon.colcon_core.event_handler.log_command:Invoking command in '/mnt/c/Users/TexSort/Desktop/MasterThesis/materialDetectionTextile/ros_ws/build/materialdetect': AMENT_PREFIX_PATH=/mnt/c/Users/TexSort/Desktop/MasterThesis/materialDetectionTextile/ros_ws/install/py_pubsub:${AMENT_PREFIX_PATH} CMAKE_PREFIX_PATH=/opt/ros/humble PYTHONPATH=/mnt/c/Users/TexSort/Desktop/MasterThesis/materialDetectionTextile/ros_ws/install/py_pubsub/lib/python3.10/site-packages:${PYTHONPATH} /usr/bin/cmake /mnt/c/Users/TexSort/Desktop/MasterThesis/materialDetectionTextile/ros_ws/src/materialdetect -DCMAKE_INSTALL_PREFIX=/mnt/c/Users/TexSort/Desktop/MasterThesis/materialDetectionTextile/ros_ws/install/materialdetect
[17.347s] DEBUG:colcon.colcon_core.event_handler.log_command:Invoked command in '/mnt/c/Users/TexSort/Desktop/MasterThesis/materialDetectionTextile/ros_ws/build/materialdetect' returned '1': AMENT_PREFIX_PATH=/mnt/c/Users/TexSort/Desktop/MasterThesis/materialDetectionTextile/ros_ws/install/py_pubsub:${AMENT_PREFIX_PATH} CMAKE_PREFIX_PATH=/opt/ros/humble PYTHONPATH=/mnt/c/Users/TexSort/Desktop/MasterThesis/materialDetectionTextile/ros_ws/install/py_pubsub/lib/python3.10/site-packages:${PYTHONPATH} /usr/bin/cmake /mnt/c/Users/TexSort/Desktop/MasterThesis/materialDetectionTextile/ros_ws/src/materialdetect -DCMAKE_INSTALL_PREFIX=/mnt/c/Users/TexSort/Desktop/MasterThesis/materialDetectionTextile/ros_ws/install/materialdetect
[17.398s] Level 1:colcon.colcon_core.environment:create_environment_scripts_only(materialdetect)
[17.433s] Level 1:colcon.colcon_core.environment:checking '/mnt/c/Users/TexSort/Desktop/MasterThesis/materialDetectionTextile/ros_ws/install/materialdetect' for CMake module files
[17.532s] Level 1:colcon.colcon_core.environment:checking '/mnt/c/Users/TexSort/Desktop/MasterThesis/materialDetectionTextile/ros_ws/install/materialdetect' for CMake config files
[17.592s] Level 1:colcon.colcon_core.environment:checking '/mnt/c/Users/TexSort/Desktop/MasterThesis/materialDetectionTextile/ros_ws/install/materialdetect/bin'
[17.595s] Level 1:colcon.colcon_core.environment:checking '/mnt/c/Users/TexSort/Desktop/MasterThesis/materialDetectionTextile/ros_ws/install/materialdetect/lib/pkgconfig/materialdetect.pc'
[17.598s] Level 1:colcon.colcon_core.environment:checking '/mnt/c/Users/TexSort/Desktop/MasterThesis/materialDetectionTextile/ros_ws/install/materialdetect/lib/python3.10/site-packages'
[17.602s] Level 1:colcon.colcon_core.environment:checking '/mnt/c/Users/TexSort/Desktop/MasterThesis/materialDetectionTextile/ros_ws/install/materialdetect/bin'
[17.640s] INFO:colcon.colcon_core.shell:Creating package script '/mnt/c/Users/TexSort/Desktop/MasterThesis/materialDetectionTextile/ros_ws/install/materialdetect/share/materialdetect/package.ps1'
[17.677s] INFO:colcon.colcon_core.shell:Creating package descriptor '/mnt/c/Users/TexSort/Desktop/MasterThesis/materialDetectionTextile/ros_ws/install/materialdetect/share/materialdetect/package.dsv'
[17.708s] INFO:colcon.colcon_core.shell:Creating package script '/mnt/c/Users/TexSort/Desktop/MasterThesis/materialDetectionTextile/ros_ws/install/materialdetect/share/materialdetect/package.sh'
[17.750s] INFO:colcon.colcon_core.shell:Creating package script '/mnt/c/Users/TexSort/Desktop/MasterThesis/materialDetectionTextile/ros_ws/install/materialdetect/share/materialdetect/package.bash'
[17.781s] INFO:colcon.colcon_core.shell:Creating package script '/mnt/c/Users/TexSort/Desktop/MasterThesis/materialDetectionTextile/ros_ws/install/materialdetect/share/materialdetect/package.zsh'
[17.807s] Level 1:colcon.colcon_core.environment:create_file_with_runtime_dependencies(/mnt/c/Users/TexSort/Desktop/MasterThesis/materialDetectionTextile/ros_ws/install/materialdetect/share/colcon-core/packages/materialdetect)
[17.829s] DEBUG:colcon.colcon_parallel_executor.executor.parallel:closing loop
[17.830s] DEBUG:colcon.colcon_parallel_executor.executor.parallel:loop closed
[17.831s] DEBUG:colcon.colcon_parallel_executor.executor.parallel:run_until_complete finished with '1'
[17.832s] DEBUG:colcon.colcon_core.event_reactor:joining thread
[18.063s] INFO:colcon.colcon_core.plugin_system:Skipping extension 'colcon_notification.desktop_notification.notify_send': Could not find 'notify-send'
[18.063s] INFO:colcon.colcon_core.plugin_system:Skipping extension 'colcon_notification.desktop_notification.terminal_notifier': Not used on non-Darwin systems
[18.064s] INFO:colcon.colcon_core.plugin_system:Skipping extension 'colcon_notification.desktop_notification.win32': Not used on non-Windows systems
[18.065s] INFO:colcon.colcon_notification.desktop_notification:Sending desktop notification using 'notify2'
[18.065s] DEBUG:colcon.colcon_notification.desktop_notification.notify2:Failed to initialize notify2: org.freedesktop.DBus.Error.FileNotFound: Failed to connect to socket /run/user/1000/bus: No such file or directory
[18.073s] DEBUG:colcon.colcon_core.event_reactor:joined thread
[18.131s] INFO:colcon.colcon_core.shell:Creating prefix script '/mnt/c/Users/TexSort/Desktop/MasterThesis/materialDetectionTextile/ros_ws/install/local_setup.ps1'
[18.151s] INFO:colcon.colcon_core.shell:Creating prefix util module '/mnt/c/Users/TexSort/Desktop/MasterThesis/materialDetectionTextile/ros_ws/install/_local_setup_util_ps1.py'
[18.176s] INFO:colcon.colcon_core.shell:Creating prefix chain script '/mnt/c/Users/TexSort/Desktop/MasterThesis/materialDetectionTextile/ros_ws/install/setup.ps1'
[18.219s] INFO:colcon.colcon_core.shell:Creating prefix script '/mnt/c/Users/TexSort/Desktop/MasterThesis/materialDetectionTextile/ros_ws/install/local_setup.sh'
[18.232s] INFO:colcon.colcon_core.shell:Creating prefix util module '/mnt/c/Users/TexSort/Desktop/MasterThesis/materialDetectionTextile/ros_ws/install/_local_setup_util_sh.py'
[18.256s] INFO:colcon.colcon_core.shell:Creating prefix chain script '/mnt/c/Users/TexSort/Desktop/MasterThesis/materialDetectionTextile/ros_ws/install/setup.sh'
[18.298s] INFO:colcon.colcon_core.shell:Creating prefix script '/mnt/c/Users/TexSort/Desktop/MasterThesis/materialDetectionTextile/ros_ws/install/local_setup.bash'
[18.311s] INFO:colcon.colcon_core.shell:Creating prefix chain script '/mnt/c/Users/TexSort/Desktop/MasterThesis/materialDetectionTextile/ros_ws/install/setup.bash'
[18.359s] INFO:colcon.colcon_core.shell:Creating prefix script '/mnt/c/Users/TexSort/Desktop/MasterThesis/materialDetectionTextile/ros_ws/install/local_setup.zsh'
[18.375s] INFO:colcon.colcon_core.shell:Creating prefix chain script '/mnt/c/Users/TexSort/Desktop/MasterThesis/materialDetectionTextile/ros_ws/install/setup.zsh'
