[0.344s] Invoking command in '/mnt/c/Users/TexSort/Desktop/MasterThesis/materialdetectiontextile/ros_ws/build/materialdetect': AMENT_PREFIX_PATH=/mnt/c/Users/TexSort/Desktop/MasterThesis/materialdetectiontextile/ros_ws/install/py_pubsub:${AMENT_PREFIX_PATH} CMAKE_PREFIX_PATH=/opt/ros/humble PYTHONPATH=/mnt/c/Users/TexSort/Desktop/MasterThesis/materialdetectiontextile/ros_ws/install/py_pubsub/lib/python3.10/site-packages:${PYTHONPATH} /usr/bin/cmake /mnt/c/Users/TexSort/Desktop/MasterThesis/materialdetectiontextile/ros_ws/src/materialdetect -DCMAKE_INSTALL_PREFIX=/mnt/c/Users/TexSort/Desktop/MasterThesis/materialdetectiontextile/ros_ws/install/materialdetect
[0.504s] -- Found ament_cmake: 1.3.7 (/opt/ros/humble/share/ament_cmake/cmake)
[2.581s] -- Found Python3: /usr/bin/python3.10 (found version "3.10.12") found components: Interpreter 
[5.300s] -- Configuring done
[6.026s] -- Generating done
[6.193s] -- Build files have been written to: /mnt/c/Users/TexSort/Desktop/MasterThesis/materialdetectiontextile/ros_ws/build/materialdetect
[6.200s] Invoked command in '/mnt/c/Users/TexSort/Desktop/MasterThesis/materialdetectiontextile/ros_ws/build/materialdetect' returned '0': AMENT_PREFIX_PATH=/mnt/c/Users/TexSort/Desktop/MasterThesis/materialdetectiontextile/ros_ws/install/py_pubsub:${AMENT_PREFIX_PATH} CMAKE_PREFIX_PATH=/opt/ros/humble PYTHONPATH=/mnt/c/Users/TexSort/Desktop/MasterThesis/materialdetectiontextile/ros_ws/install/py_pubsub/lib/python3.10/site-packages:${PYTHONPATH} /usr/bin/cmake /mnt/c/Users/TexSort/Desktop/MasterThesis/materialdetectiontextile/ros_ws/src/materialdetect -DCMAKE_INSTALL_PREFIX=/mnt/c/Users/TexSort/Desktop/MasterThesis/materialdetectiontextile/ros_ws/install/materialdetect
[6.225s] Invoking command in '/mnt/c/Users/TexSort/Desktop/MasterThesis/materialdetectiontextile/ros_ws/build/materialdetect': AMENT_PREFIX_PATH=/mnt/c/Users/TexSort/Desktop/MasterThesis/materialdetectiontextile/ros_ws/install/py_pubsub:${AMENT_PREFIX_PATH} CMAKE_PREFIX_PATH=/opt/ros/humble PYTHONPATH=/mnt/c/Users/TexSort/Desktop/MasterThesis/materialdetectiontextile/ros_ws/install/py_pubsub/lib/python3.10/site-packages:${PYTHONPATH} /usr/bin/cmake --build /mnt/c/Users/TexSort/Desktop/MasterThesis/materialdetectiontextile/ros_ws/build/materialdetect -- -j4 -l4
[6.445s] Invoked command in '/mnt/c/Users/TexSort/Desktop/MasterThesis/materialdetectiontextile/ros_ws/build/materialdetect' returned '0': AMENT_PREFIX_PATH=/mnt/c/Users/TexSort/Desktop/MasterThesis/materialdetectiontextile/ros_ws/install/py_pubsub:${AMENT_PREFIX_PATH} CMAKE_PREFIX_PATH=/opt/ros/humble PYTHONPATH=/mnt/c/Users/TexSort/Desktop/MasterThesis/materialdetectiontextile/ros_ws/install/py_pubsub/lib/python3.10/site-packages:${PYTHONPATH} /usr/bin/cmake --build /mnt/c/Users/TexSort/Desktop/MasterThesis/materialdetectiontextile/ros_ws/build/materialdetect -- -j4 -l4
[6.556s] Invoking command in '/mnt/c/Users/TexSort/Desktop/MasterThesis/materialdetectiontextile/ros_ws/build/materialdetect': AMENT_PREFIX_PATH=/mnt/c/Users/TexSort/Desktop/MasterThesis/materialdetectiontextile/ros_ws/install/py_pubsub:${AMENT_PREFIX_PATH} CMAKE_PREFIX_PATH=/opt/ros/humble PYTHONPATH=/mnt/c/Users/TexSort/Desktop/MasterThesis/materialdetectiontextile/ros_ws/install/py_pubsub/lib/python3.10/site-packages:${PYTHONPATH} /usr/bin/cmake --install /mnt/c/Users/TexSort/Desktop/MasterThesis/materialdetectiontextile/ros_ws/build/materialdetect
[6.576s] -- Install configuration: ""
[6.596s] -- Installing: /mnt/c/Users/TexSort/Desktop/MasterThesis/materialdetectiontextile/ros_ws/install/materialdetect/share/materialdetect//launch
[6.686s] -- Installing: /mnt/c/Users/TexSort/Desktop/MasterThesis/materialdetectiontextile/ros_ws/install/materialdetect/share/materialdetect//launch/matdetect.launch.py
[6.972s] -- Installing: /mnt/c/Users/TexSort/Desktop/MasterThesis/materialdetectiontextile/ros_ws/install/materialdetect/share/ament_index/resource_index/package_run_dependencies/materialdetect
[7.222s] -- Installing: /mnt/c/Users/TexSort/Desktop/MasterThesis/materialdetectiontextile/ros_ws/install/materialdetect/share/ament_index/resource_index/parent_prefix_path/materialdetect
[7.515s] -- Installing: /mnt/c/Users/TexSort/Desktop/MasterThesis/materialdetectiontextile/ros_ws/install/materialdetect/share/materialdetect/environment/ament_prefix_path.sh
[7.721s] -- Installing: /mnt/c/Users/TexSort/Desktop/MasterThesis/materialdetectiontextile/ros_ws/install/materialdetect/share/materialdetect/environment/ament_prefix_path.dsv
[7.884s] -- Installing: /mnt/c/Users/TexSort/Desktop/MasterThesis/materialdetectiontextile/ros_ws/install/materialdetect/share/materialdetect/environment/path.sh
[8.024s] -- Installing: /mnt/c/Users/TexSort/Desktop/MasterThesis/materialdetectiontextile/ros_ws/install/materialdetect/share/materialdetect/environment/path.dsv
[8.202s] -- Installing: /mnt/c/Users/TexSort/Desktop/MasterThesis/materialdetectiontextile/ros_ws/install/materialdetect/share/materialdetect/local_setup.bash
[8.337s] -- Installing: /mnt/c/Users/TexSort/Desktop/MasterThesis/materialdetectiontextile/ros_ws/install/materialdetect/share/materialdetect/local_setup.sh
[8.499s] -- Installing: /mnt/c/Users/TexSort/Desktop/MasterThesis/materialdetectiontextile/ros_ws/install/materialdetect/share/materialdetect/local_setup.zsh
[8.641s] -- Installing: /mnt/c/Users/TexSort/Desktop/MasterThesis/materialdetectiontextile/ros_ws/install/materialdetect/share/materialdetect/local_setup.dsv
[8.802s] -- Installing: /mnt/c/Users/TexSort/Desktop/MasterThesis/materialdetectiontextile/ros_ws/install/materialdetect/share/materialdetect/package.dsv
[9.024s] -- Installing: /mnt/c/Users/TexSort/Desktop/MasterThesis/materialdetectiontextile/ros_ws/install/materialdetect/share/ament_index/resource_index/packages/materialdetect
[9.273s] -- Installing: /mnt/c/Users/TexSort/Desktop/MasterThesis/materialdetectiontextile/ros_ws/install/materialdetect/share/materialdetect/cmake/materialdetectConfig.cmake
[9.430s] -- Installing: /mnt/c/Users/TexSort/Desktop/MasterThesis/materialdetectiontextile/ros_ws/install/materialdetect/share/materialdetect/cmake/materialdetectConfig-version.cmake
[9.614s] -- Installing: /mnt/c/Users/TexSort/Desktop/MasterThesis/materialdetectiontextile/ros_ws/install/materialdetect/share/materialdetect/package.xml
[9.761s] Invoked command in '/mnt/c/Users/TexSort/Desktop/MasterThesis/materialdetectiontextile/ros_ws/build/materialdetect' returned '0': AMENT_PREFIX_PATH=/mnt/c/Users/TexSort/Desktop/MasterThesis/materialdetectiontextile/ros_ws/install/py_pubsub:${AMENT_PREFIX_PATH} CMAKE_PREFIX_PATH=/opt/ros/humble PYTHONPATH=/mnt/c/Users/TexSort/Desktop/MasterThesis/materialdetectiontextile/ros_ws/install/py_pubsub/lib/python3.10/site-packages:${PYTHONPATH} /usr/bin/cmake --install /mnt/c/Users/TexSort/Desktop/MasterThesis/materialdetectiontextile/ros_ws/build/materialdetect
