[0.711s] Invoking command in '/mnt/c/Users/TexSort/Desktop/MasterThesis/materialdetectiontextile/ros_ws/build/materialdetect': AMENT_PREFIX_PATH=/mnt/c/Users/TexSort/Desktop/MasterThesis/materialdetectiontextile/ros_ws/install/py_pubsub:/mnt/c/Users/TexSort/Desktop/MasterThesis/materialdetectiontextile/ros_ws/install/materialdetect:/opt/ros/humble CMAKE_PREFIX_PATH=${CMAKE_PREFIX_PATH}:/mnt/c/Users/TexSort/Desktop/MasterThesis/materialdetectiontextile/ros_ws/install/py_pubsub:/opt/ros/humble /usr/bin/cmake --build /mnt/c/Users/TexSort/Desktop/MasterThesis/materialdetectiontextile/ros_ws/build/materialdetect -- -j4 -l4
[0.968s] Invoked command in '/mnt/c/Users/TexSort/Desktop/MasterThesis/materialdetectiontextile/ros_ws/build/materialdetect' returned '0': AMENT_PREFIX_PATH=/mnt/c/Users/TexSort/Desktop/MasterThesis/materialdetectiontextile/ros_ws/install/py_pubsub:/mnt/c/Users/TexSort/Desktop/MasterThesis/materialdetectiontextile/ros_ws/install/materialdetect:/opt/ros/humble CMAKE_PREFIX_PATH=${CMAKE_PREFIX_PATH}:/mnt/c/Users/TexSort/Desktop/MasterThesis/materialdetectiontextile/ros_ws/install/py_pubsub:/opt/ros/humble /usr/bin/cmake --build /mnt/c/Users/TexSort/Desktop/MasterThesis/materialdetectiontextile/ros_ws/build/materialdetect -- -j4 -l4
[1.076s] Invoking command in '/mnt/c/Users/TexSort/Desktop/MasterThesis/materialdetectiontextile/ros_ws/build/materialdetect': AMENT_PREFIX_PATH=/mnt/c/Users/TexSort/Desktop/MasterThesis/materialdetectiontextile/ros_ws/install/py_pubsub:/mnt/c/Users/TexSort/Desktop/MasterThesis/materialdetectiontextile/ros_ws/install/materialdetect:/opt/ros/humble CMAKE_PREFIX_PATH=${CMAKE_PREFIX_PATH}:/mnt/c/Users/TexSort/Desktop/MasterThesis/materialdetectiontextile/ros_ws/install/py_pubsub:/opt/ros/humble /usr/bin/cmake --install /mnt/c/Users/TexSort/Desktop/MasterThesis/materialdetectiontextile/ros_ws/build/materialdetect
[1.104s] -- Install configuration: ""
[1.126s] -- Up-to-date: /mnt/c/Users/TexSort/Desktop/MasterThesis/materialdetectiontextile/ros_ws/install/materialdetect/share/materialdetect//launch
[1.192s] -- Up-to-date: /mnt/c/Users/TexSort/Desktop/MasterThesis/materialdetectiontextile/ros_ws/install/materialdetect/share/materialdetect//launch/matdetect.launch.py
[1.275s] -- Up-to-date: /mnt/c/Users/TexSort/Desktop/MasterThesis/materialdetectiontextile/ros_ws/install/materialdetect/share/ament_index/resource_index/package_run_dependencies/materialdetect
[1.359s] -- Up-to-date: /mnt/c/Users/TexSort/Desktop/MasterThesis/materialdetectiontextile/ros_ws/install/materialdetect/share/ament_index/resource_index/parent_prefix_path/materialdetect
[1.408s] -- Up-to-date: /mnt/c/Users/TexSort/Desktop/MasterThesis/materialdetectiontextile/ros_ws/install/materialdetect/share/materialdetect/environment/ament_prefix_path.sh
[1.454s] -- Up-to-date: /mnt/c/Users/TexSort/Desktop/MasterThesis/materialdetectiontextile/ros_ws/install/materialdetect/share/materialdetect/environment/ament_prefix_path.dsv
[1.497s] -- Up-to-date: /mnt/c/Users/TexSort/Desktop/MasterThesis/materialdetectiontextile/ros_ws/install/materialdetect/share/materialdetect/environment/path.sh
[1.548s] -- Up-to-date: /mnt/c/Users/TexSort/Desktop/MasterThesis/materialdetectiontextile/ros_ws/install/materialdetect/share/materialdetect/environment/path.dsv
[1.602s] -- Up-to-date: /mnt/c/Users/TexSort/Desktop/MasterThesis/materialdetectiontextile/ros_ws/install/materialdetect/share/materialdetect/local_setup.bash
[1.645s] -- Up-to-date: /mnt/c/Users/TexSort/Desktop/MasterThesis/materialdetectiontextile/ros_ws/install/materialdetect/share/materialdetect/local_setup.sh
[1.693s] -- Up-to-date: /mnt/c/Users/TexSort/Desktop/MasterThesis/materialdetectiontextile/ros_ws/install/materialdetect/share/materialdetect/local_setup.zsh
[1.740s] -- Up-to-date: /mnt/c/Users/TexSort/Desktop/MasterThesis/materialdetectiontextile/ros_ws/install/materialdetect/share/materialdetect/local_setup.dsv
[1.783s] -- Installing: /mnt/c/Users/TexSort/Desktop/MasterThesis/materialdetectiontextile/ros_ws/install/materialdetect/share/materialdetect/package.dsv
[1.971s] -- Up-to-date: /mnt/c/Users/TexSort/Desktop/MasterThesis/materialdetectiontextile/ros_ws/install/materialdetect/share/ament_index/resource_index/packages/materialdetect
[2.033s] -- Up-to-date: /mnt/c/Users/TexSort/Desktop/MasterThesis/materialdetectiontextile/ros_ws/install/materialdetect/share/materialdetect/cmake/materialdetectConfig.cmake
[2.068s] -- Up-to-date: /mnt/c/Users/TexSort/Desktop/MasterThesis/materialdetectiontextile/ros_ws/install/materialdetect/share/materialdetect/cmake/materialdetectConfig-version.cmake
[2.141s] -- Up-to-date: /mnt/c/Users/TexSort/Desktop/MasterThesis/materialdetectiontextile/ros_ws/install/materialdetect/share/materialdetect/package.xml
[2.165s] Invoked command in '/mnt/c/Users/TexSort/Desktop/MasterThesis/materialdetectiontextile/ros_ws/build/materialdetect' returned '0': AMENT_PREFIX_PATH=/mnt/c/Users/TexSort/Desktop/MasterThesis/materialdetectiontextile/ros_ws/install/py_pubsub:/mnt/c/Users/TexSort/Desktop/MasterThesis/materialdetectiontextile/ros_ws/install/materialdetect:/opt/ros/humble CMAKE_PREFIX_PATH=${CMAKE_PREFIX_PATH}:/mnt/c/Users/TexSort/Desktop/MasterThesis/materialdetectiontextile/ros_ws/install/py_pubsub:/opt/ros/humble /usr/bin/cmake --install /mnt/c/Users/TexSort/Desktop/MasterThesis/materialdetectiontextile/ros_ws/build/materialdetect
