[5.604s] Invoking command in '/mnt/c/Users/TexSort/Desktop/MasterThesis/materialDetectionTextile/ros_ws/src/py_pubsub': PYTHONPATH=/mnt/c/Users/TexSort/Desktop/MasterThesis/materialDetectionTextile/ros_ws/build/py_pubsub/prefix_override:/mnt/c/Users/TexSort/Desktop/MasterThesis/materialDetectionTextile/ros_ws/install/py_pubsub/lib/python3.10/site-packages:${PYTHONPATH} /usr/bin/python3 setup.py egg_info --egg-base ../../build/py_pubsub build --build-base /mnt/c/Users/TexSort/Desktop/MasterThesis/materialDetectionTextile/ros_ws/build/py_pubsub/build install --record /mnt/c/Users/TexSort/Desktop/MasterThesis/materialDetectionTextile/ros_ws/build/py_pubsub/install.log --single-version-externally-managed
[8.016s] running egg_info
[8.035s] writing ../../build/py_pubsub/py_pubsub.egg-info/PKG-INFO
[8.054s] writing dependency_links to ../../build/py_pubsub/py_pubsub.egg-info/dependency_links.txt
[8.070s] writing entry points to ../../build/py_pubsub/py_pubsub.egg-info/entry_points.txt
[8.085s] writing requirements to ../../build/py_pubsub/py_pubsub.egg-info/requires.txt
[8.096s] writing top-level names to ../../build/py_pubsub/py_pubsub.egg-info/top_level.txt
[8.181s] reading manifest file '../../build/py_pubsub/py_pubsub.egg-info/SOURCES.txt'
[8.314s] adding license file 'LICENSE'
[8.365s] writing manifest file '../../build/py_pubsub/py_pubsub.egg-info/SOURCES.txt'
[8.380s] running build
[8.382s] running build_py
[8.413s] copying py_pubsub/publisher_member_function.py -> /mnt/c/Users/TexSort/Desktop/MasterThesis/materialDetectionTextile/ros_ws/build/py_pubsub/build/lib/py_pubsub
[8.544s] running install
[8.550s] /usr/lib/python3/dist-packages/setuptools/command/install.py:34: SetuptoolsDeprecationWarning: setup.py install is deprecated. Use build and pip and other standards-based tools.
[8.553s]   warnings.warn(
[8.558s] running install_lib
[8.710s] copying /mnt/c/Users/TexSort/Desktop/MasterThesis/materialDetectionTextile/ros_ws/build/py_pubsub/build/lib/py_pubsub/publisher_member_function.py -> /mnt/c/Users/TexSort/Desktop/MasterThesis/materialDetectionTextile/ros_ws/install/py_pubsub/lib/python3.10/site-packages/py_pubsub
[8.945s] byte-compiling /mnt/c/Users/TexSort/Desktop/MasterThesis/materialDetectionTextile/ros_ws/install/py_pubsub/lib/python3.10/site-packages/py_pubsub/publisher_member_function.py to publisher_member_function.cpython-310.pyc
[9.135s] running install_data
[9.221s] running install_egg_info
[9.263s] removing '/mnt/c/Users/TexSort/Desktop/MasterThesis/materialDetectionTextile/ros_ws/install/py_pubsub/lib/python3.10/site-packages/py_pubsub-0.0.0-py3.10.egg-info' (and everything under it)
[9.537s] Copying ../../build/py_pubsub/py_pubsub.egg-info to /mnt/c/Users/TexSort/Desktop/MasterThesis/materialDetectionTextile/ros_ws/install/py_pubsub/lib/python3.10/site-packages/py_pubsub-0.0.0-py3.10.egg-info
[10.819s] running install_scripts
[10.988s] Installing listener script to /mnt/c/Users/TexSort/Desktop/MasterThesis/materialDetectionTextile/ros_ws/install/py_pubsub/lib/py_pubsub
[11.016s] Installing talker script to /mnt/c/Users/TexSort/Desktop/MasterThesis/materialDetectionTextile/ros_ws/install/py_pubsub/lib/py_pubsub
[11.049s] writing list of installed files to '/mnt/c/Users/TexSort/Desktop/MasterThesis/materialDetectionTextile/ros_ws/build/py_pubsub/install.log'
[11.126s] Invoked command in '/mnt/c/Users/TexSort/Desktop/MasterThesis/materialDetectionTextile/ros_ws/src/py_pubsub' returned '0': PYTHONPATH=/mnt/c/Users/TexSort/Desktop/MasterThesis/materialDetectionTextile/ros_ws/build/py_pubsub/prefix_override:/mnt/c/Users/TexSort/Desktop/MasterThesis/materialDetectionTextile/ros_ws/install/py_pubsub/lib/python3.10/site-packages:${PYTHONPATH} /usr/bin/python3 setup.py egg_info --egg-base ../../build/py_pubsub build --build-base /mnt/c/Users/TexSort/Desktop/MasterThesis/materialDetectionTextile/ros_ws/build/py_pubsub/build install --record /mnt/c/Users/TexSort/Desktop/MasterThesis/materialDetectionTextile/ros_ws/build/py_pubsub/install.log --single-version-externally-managed
