[3.311s] Invoking command in '/mnt/c/Users/TexSort/Desktop/MasterThesis/materialDetectionTextile/ros_ws/src/py_pubsub': PYTHONPATH=/mnt/c/Users/TexSort/Desktop/MasterThesis/materialDetectionTextile/ros_ws/build/py_pubsub/prefix_override:/mnt/c/Users/TexSort/Desktop/MasterThesis/materialDetectionTextile/ros_ws/install/py_pubsub/lib/python3.10/site-packages: /usr/bin/python3 setup.py egg_info --egg-base ../../build/py_pubsub build --build-base /mnt/c/Users/TexSort/Desktop/MasterThesis/materialDetectionTextile/ros_ws/build/py_pubsub/build install --record /mnt/c/Users/TexSort/Desktop/MasterThesis/materialDetectionTextile/ros_ws/build/py_pubsub/install.log --single-version-externally-managed
[5.313s] running egg_info
[5.330s] creating ../../build/py_pubsub/py_pubsub.egg-info
[5.353s] writing ../../build/py_pubsub/py_pubsub.egg-info/PKG-INFO
[5.436s] writing dependency_links to ../../build/py_pubsub/py_pubsub.egg-info/dependency_links.txt
[5.497s] writing entry points to ../../build/py_pubsub/py_pubsub.egg-info/entry_points.txt
[5.568s] writing requirements to ../../build/py_pubsub/py_pubsub.egg-info/requires.txt
[5.788s] writing top-level names to ../../build/py_pubsub/py_pubsub.egg-info/top_level.txt
[5.992s] writing manifest file '../../build/py_pubsub/py_pubsub.egg-info/SOURCES.txt'
[6.227s] reading manifest file '../../build/py_pubsub/py_pubsub.egg-info/SOURCES.txt'
[6.323s] adding license file 'LICENSE'
[6.408s] writing manifest file '../../build/py_pubsub/py_pubsub.egg-info/SOURCES.txt'
[6.426s] running build
[6.430s] running build_py
[6.454s] creating /mnt/c/Users/TexSort/Desktop/MasterThesis/materialDetectionTextile/ros_ws/build/py_pubsub/build
[6.466s] creating /mnt/c/Users/TexSort/Desktop/MasterThesis/materialDetectionTextile/ros_ws/build/py_pubsub/build/lib
[6.471s] creating /mnt/c/Users/TexSort/Desktop/MasterThesis/materialDetectionTextile/ros_ws/build/py_pubsub/build/lib/py_pubsub
[6.497s] copying py_pubsub/publisher_member_function.py -> /mnt/c/Users/TexSort/Desktop/MasterThesis/materialDetectionTextile/ros_ws/build/py_pubsub/build/lib/py_pubsub
[6.625s] copying py_pubsub/subscriber_member_function.py -> /mnt/c/Users/TexSort/Desktop/MasterThesis/materialDetectionTextile/ros_ws/build/py_pubsub/build/lib/py_pubsub
[6.703s] copying py_pubsub/__init__.py -> /mnt/c/Users/TexSort/Desktop/MasterThesis/materialDetectionTextile/ros_ws/build/py_pubsub/build/lib/py_pubsub
[6.749s] running install
[6.754s] /usr/lib/python3/dist-packages/setuptools/command/install.py:34: SetuptoolsDeprecationWarning: setup.py install is deprecated. Use build and pip and other standards-based tools.
[6.765s]   warnings.warn(
[6.770s] running install_lib
[6.815s] creating /mnt/c/Users/TexSort/Desktop/MasterThesis/materialDetectionTextile/ros_ws/install/py_pubsub/lib/python3.10/site-packages/py_pubsub
[6.871s] copying /mnt/c/Users/TexSort/Desktop/MasterThesis/materialDetectionTextile/ros_ws/build/py_pubsub/build/lib/py_pubsub/publisher_member_function.py -> /mnt/c/Users/TexSort/Desktop/MasterThesis/materialDetectionTextile/ros_ws/install/py_pubsub/lib/python3.10/site-packages/py_pubsub
[6.989s] copying /mnt/c/Users/TexSort/Desktop/MasterThesis/materialDetectionTextile/ros_ws/build/py_pubsub/build/lib/py_pubsub/subscriber_member_function.py -> /mnt/c/Users/TexSort/Desktop/MasterThesis/materialDetectionTextile/ros_ws/install/py_pubsub/lib/python3.10/site-packages/py_pubsub
[7.086s] copying /mnt/c/Users/TexSort/Desktop/MasterThesis/materialDetectionTextile/ros_ws/build/py_pubsub/build/lib/py_pubsub/__init__.py -> /mnt/c/Users/TexSort/Desktop/MasterThesis/materialDetectionTextile/ros_ws/install/py_pubsub/lib/python3.10/site-packages/py_pubsub
[7.182s] byte-compiling /mnt/c/Users/TexSort/Desktop/MasterThesis/materialDetectionTextile/ros_ws/install/py_pubsub/lib/python3.10/site-packages/py_pubsub/publisher_member_function.py to publisher_member_function.cpython-310.pyc
[7.284s] byte-compiling /mnt/c/Users/TexSort/Desktop/MasterThesis/materialDetectionTextile/ros_ws/install/py_pubsub/lib/python3.10/site-packages/py_pubsub/subscriber_member_function.py to subscriber_member_function.cpython-310.pyc
[7.423s] byte-compiling /mnt/c/Users/TexSort/Desktop/MasterThesis/materialDetectionTextile/ros_ws/install/py_pubsub/lib/python3.10/site-packages/py_pubsub/__init__.py to __init__.cpython-310.pyc
[7.527s] running install_data
[7.547s] creating /mnt/c/Users/TexSort/Desktop/MasterThesis/materialDetectionTextile/ros_ws/install/py_pubsub/share/ament_index
[7.561s] creating /mnt/c/Users/TexSort/Desktop/MasterThesis/materialDetectionTextile/ros_ws/install/py_pubsub/share/ament_index/resource_index
[7.569s] creating /mnt/c/Users/TexSort/Desktop/MasterThesis/materialDetectionTextile/ros_ws/install/py_pubsub/share/ament_index/resource_index/packages
[7.597s] copying resource/py_pubsub -> /mnt/c/Users/TexSort/Desktop/MasterThesis/materialDetectionTextile/ros_ws/install/py_pubsub/share/ament_index/resource_index/packages
[7.649s] copying package.xml -> /mnt/c/Users/TexSort/Desktop/MasterThesis/materialDetectionTextile/ros_ws/install/py_pubsub/share/py_pubsub
[7.685s] running install_egg_info
[7.725s] Copying ../../build/py_pubsub/py_pubsub.egg-info to /mnt/c/Users/TexSort/Desktop/MasterThesis/materialDetectionTextile/ros_ws/install/py_pubsub/lib/python3.10/site-packages/py_pubsub-0.0.0-py3.10.egg-info
[8.413s] running install_scripts
[8.612s] Installing listener script to /mnt/c/Users/TexSort/Desktop/MasterThesis/materialDetectionTextile/ros_ws/install/py_pubsub/lib/py_pubsub
[8.633s] Installing talker script to /mnt/c/Users/TexSort/Desktop/MasterThesis/materialDetectionTextile/ros_ws/install/py_pubsub/lib/py_pubsub
[8.683s] writing list of installed files to '/mnt/c/Users/TexSort/Desktop/MasterThesis/materialDetectionTextile/ros_ws/build/py_pubsub/install.log'
[8.769s] Invoked command in '/mnt/c/Users/TexSort/Desktop/MasterThesis/materialDetectionTextile/ros_ws/src/py_pubsub' returned '0': PYTHONPATH=/mnt/c/Users/TexSort/Desktop/MasterThesis/materialDetectionTextile/ros_ws/build/py_pubsub/prefix_override:/mnt/c/Users/TexSort/Desktop/MasterThesis/materialDetectionTextile/ros_ws/install/py_pubsub/lib/python3.10/site-packages: /usr/bin/python3 setup.py egg_info --egg-base ../../build/py_pubsub build --build-base /mnt/c/Users/TexSort/Desktop/MasterThesis/materialDetectionTextile/ros_ws/build/py_pubsub/build install --record /mnt/c/Users/TexSort/Desktop/MasterThesis/materialDetectionTextile/ros_ws/build/py_pubsub/install.log --single-version-externally-managed
