[2.652s] DEBUG:colcon:Command line arguments: ['/usr/bin/colcon', 'build']
[2.653s] DEBUG:colcon:Parsed command line arguments: Namespace(log_base=None, log_level=None, verb_name='build', build_base='build', install_base='install', merge_install=False, symlink_install=False, test_result_base=None, continue_on_error=False, executor='parallel', parallel_workers=4, event_handlers=None, ignore_user_meta=False, metas=['./colcon.meta'], base_paths=['.'], packages_ignore=None, packages_ignore_regex=None, paths=None, packages_up_to=None, packages_up_to_regex=None, packages_above=None, packages_above_and_dependencies=None, packages_above_depth=None, packages_select_by_dep=None, packages_skip_by_dep=None, packages_skip_up_to=None, packages_select_build_failed=False, packages_skip_build_finished=False, packages_select_test_failures=False, packages_skip_test_passed=False, packages_select=None, packages_skip=None, packages_select_regex=None, packages_skip_regex=None, packages_start=None, packages_end=None, allow_overriding=[], cmake_args=None, cmake_target=None, cmake_target_skip_unavailable=False, cmake_clean_cache=False, cmake_clean_first=False, cmake_force_configure=False, ament_cmake_args=None, catkin_cmake_args=None, catkin_skip_building_tests=False, verb_parser=<colcon_defaults.argument_parser.defaults.DefaultArgumentsDecorator object at 0x7f0ab6787940>, verb_extension=<colcon_core.verb.build.BuildVerb object at 0x7f0ab6786230>, main=<bound method BuildVerb.main of <colcon_core.verb.build.BuildVerb object at 0x7f0ab6786230>>)
[2.791s] Level 1:colcon.colcon_core.package_discovery:discover_packages(colcon_meta) check parameters
[2.793s] Level 1:colcon.colcon_core.package_discovery:discover_packages(recursive) check parameters
[2.794s] Level 1:colcon.colcon_core.package_discovery:discover_packages(ignore) check parameters
[2.795s] Level 1:colcon.colcon_core.package_discovery:discover_packages(path) check parameters
[2.796s] Level 1:colcon.colcon_core.package_discovery:discover_packages(colcon_meta) discover
[2.797s] Level 1:colcon.colcon_core.package_discovery:discover_packages(recursive) discover
[2.797s] INFO:colcon.colcon_core.package_discovery:Crawling recursively for packages in '/mnt/c/Users/TexSort/Desktop/MasterThesis/materialDetectionTextile/ros_ws'
[2.801s] Level 1:colcon.colcon_core.package_identification:_identify(.) by extensions ['ignore', 'ignore_ament_install']
[2.801s] Level 1:colcon.colcon_core.package_identification:_identify(.) by extension 'ignore'
[2.802s] Level 1:colcon.colcon_core.package_identification:_identify(.) by extension 'ignore_ament_install'
[2.804s] Level 1:colcon.colcon_core.package_identification:_identify(.) by extensions ['colcon_pkg']
[2.804s] Level 1:colcon.colcon_core.package_identification:_identify(.) by extension 'colcon_pkg'
[2.805s] Level 1:colcon.colcon_core.package_identification:_identify(.) by extensions ['colcon_meta']
[2.806s] Level 1:colcon.colcon_core.package_identification:_identify(.) by extension 'colcon_meta'
[2.806s] Level 1:colcon.colcon_core.package_identification:_identify(.) by extensions ['ros']
[2.807s] Level 1:colcon.colcon_core.package_identification:_identify(.) by extension 'ros'
[2.838s] Level 1:colcon.colcon_core.package_identification:_identify(.) by extensions ['cmake', 'python']
[2.838s] Level 1:colcon.colcon_core.package_identification:_identify(.) by extension 'cmake'
[2.840s] Level 1:colcon.colcon_core.package_identification:_identify(.) by extension 'python'
[2.841s] Level 1:colcon.colcon_core.package_identification:_identify(.) by extensions ['python_setup_py']
[2.841s] Level 1:colcon.colcon_core.package_identification:_identify(.) by extension 'python_setup_py'
[2.852s] Level 1:colcon.colcon_core.package_identification:_identify(build) by extensions ['ignore', 'ignore_ament_install']
[2.853s] Level 1:colcon.colcon_core.package_identification:_identify(build) by extension 'ignore'
[2.856s] Level 1:colcon.colcon_core.package_identification:_identify(build) ignored
[2.867s] Level 1:colcon.colcon_core.package_identification:_identify(install) by extensions ['ignore', 'ignore_ament_install']
[2.869s] Level 1:colcon.colcon_core.package_identification:_identify(install) by extension 'ignore'
[2.873s] Level 1:colcon.colcon_core.package_identification:_identify(install) ignored
[2.889s] Level 1:colcon.colcon_core.package_identification:_identify(log) by extensions ['ignore', 'ignore_ament_install']
[2.890s] Level 1:colcon.colcon_core.package_identification:_identify(log) by extension 'ignore'
[2.892s] Level 1:colcon.colcon_core.package_identification:_identify(log) ignored
[2.903s] Level 1:colcon.colcon_core.package_identification:_identify(src) by extensions ['ignore', 'ignore_ament_install']
[2.903s] Level 1:colcon.colcon_core.package_identification:_identify(src) by extension 'ignore'
[2.906s] Level 1:colcon.colcon_core.package_identification:_identify(src) by extension 'ignore_ament_install'
[2.912s] Level 1:colcon.colcon_core.package_identification:_identify(src) by extensions ['colcon_pkg']
[2.913s] Level 1:colcon.colcon_core.package_identification:_identify(src) by extension 'colcon_pkg'
[2.916s] Level 1:colcon.colcon_core.package_identification:_identify(src) by extensions ['colcon_meta']
[2.918s] Level 1:colcon.colcon_core.package_identification:_identify(src) by extension 'colcon_meta'
[2.921s] Level 1:colcon.colcon_core.package_identification:_identify(src) by extensions ['ros']
[2.922s] Level 1:colcon.colcon_core.package_identification:_identify(src) by extension 'ros'
[2.935s] Level 1:colcon.colcon_core.package_identification:_identify(src) by extensions ['cmake', 'python']
[2.936s] Level 1:colcon.colcon_core.package_identification:_identify(src) by extension 'cmake'
[2.938s] Level 1:colcon.colcon_core.package_identification:_identify(src) by extension 'python'
[2.941s] Level 1:colcon.colcon_core.package_identification:_identify(src) by extensions ['python_setup_py']
[2.942s] Level 1:colcon.colcon_core.package_identification:_identify(src) by extension 'python_setup_py'
[2.961s] Level 1:colcon.colcon_core.package_identification:_identify(src/materialdetect) by extensions ['ignore', 'ignore_ament_install']
[2.962s] Level 1:colcon.colcon_core.package_identification:_identify(src/materialdetect) by extension 'ignore'
[2.967s] Level 1:colcon.colcon_core.package_identification:_identify(src/materialdetect) by extension 'ignore_ament_install'
[2.974s] Level 1:colcon.colcon_core.package_identification:_identify(src/materialdetect) by extensions ['colcon_pkg']
[2.975s] Level 1:colcon.colcon_core.package_identification:_identify(src/materialdetect) by extension 'colcon_pkg'
[2.981s] Level 1:colcon.colcon_core.package_identification:_identify(src/materialdetect) by extensions ['colcon_meta']
[2.981s] Level 1:colcon.colcon_core.package_identification:_identify(src/materialdetect) by extension 'colcon_meta'
[2.989s] Level 1:colcon.colcon_core.package_identification:_identify(src/materialdetect) by extensions ['ros']
[2.990s] Level 1:colcon.colcon_core.package_identification:_identify(src/materialdetect) by extension 'ros'
[3.054s] DEBUG:colcon.colcon_core.package_identification:Package 'src/materialdetect' with type 'ros.ament_cmake' and name 'materialdetect'
[3.064s] Level 1:colcon.colcon_core.package_identification:_identify(src/py_pubsub) by extensions ['ignore', 'ignore_ament_install']
[3.065s] Level 1:colcon.colcon_core.package_identification:_identify(src/py_pubsub) by extension 'ignore'
[3.068s] Level 1:colcon.colcon_core.package_identification:_identify(src/py_pubsub) by extension 'ignore_ament_install'
[3.074s] Level 1:colcon.colcon_core.package_identification:_identify(src/py_pubsub) by extensions ['colcon_pkg']
[3.075s] Level 1:colcon.colcon_core.package_identification:_identify(src/py_pubsub) by extension 'colcon_pkg'
[3.078s] Level 1:colcon.colcon_core.package_identification:_identify(src/py_pubsub) by extensions ['colcon_meta']
[3.079s] Level 1:colcon.colcon_core.package_identification:_identify(src/py_pubsub) by extension 'colcon_meta'
[3.084s] Level 1:colcon.colcon_core.package_identification:_identify(src/py_pubsub) by extensions ['ros']
[3.085s] Level 1:colcon.colcon_core.package_identification:_identify(src/py_pubsub) by extension 'ros'
[3.118s] DEBUG:colcon.colcon_core.package_identification:Package 'src/py_pubsub' with type 'ros.ament_python' and name 'py_pubsub'
[3.119s] Level 1:colcon.colcon_core.package_discovery:discover_packages(recursive) using defaults
[3.120s] Level 1:colcon.colcon_core.package_discovery:discover_packages(ignore) discover
[3.120s] Level 1:colcon.colcon_core.package_discovery:discover_packages(ignore) using defaults
[3.121s] Level 1:colcon.colcon_core.package_discovery:discover_packages(path) discover
[3.121s] Level 1:colcon.colcon_core.package_discovery:discover_packages(path) using defaults
[3.444s] Level 1:colcon.colcon_core.package_discovery:discover_packages(prefix_path) check parameters
[3.447s] Level 1:colcon.colcon_core.package_discovery:discover_packages(prefix_path) discover
[3.557s] DEBUG:colcon.colcon_installed_package_information.package_discovery:Found 270 installed packages in /opt/ros/humble
[3.563s] Level 1:colcon.colcon_core.package_discovery:discover_packages(prefix_path) using defaults
[3.782s] Level 5:colcon.colcon_core.verb:set package 'py_pubsub' build argument 'cmake_args' from command line to 'None'
[3.783s] Level 5:colcon.colcon_core.verb:set package 'py_pubsub' build argument 'cmake_target' from command line to 'None'
[3.784s] Level 5:colcon.colcon_core.verb:set package 'py_pubsub' build argument 'cmake_target_skip_unavailable' from command line to 'False'
[3.784s] Level 5:colcon.colcon_core.verb:set package 'py_pubsub' build argument 'cmake_clean_cache' from command line to 'False'
[3.785s] Level 5:colcon.colcon_core.verb:set package 'py_pubsub' build argument 'cmake_clean_first' from command line to 'False'
[3.786s] Level 5:colcon.colcon_core.verb:set package 'py_pubsub' build argument 'cmake_force_configure' from command line to 'False'
[3.786s] Level 5:colcon.colcon_core.verb:set package 'py_pubsub' build argument 'ament_cmake_args' from command line to 'None'
[3.787s] Level 5:colcon.colcon_core.verb:set package 'py_pubsub' build argument 'catkin_cmake_args' from command line to 'None'
[3.787s] Level 5:colcon.colcon_core.verb:set package 'py_pubsub' build argument 'catkin_skip_building_tests' from command line to 'False'
[3.788s] DEBUG:colcon.colcon_core.verb:Building package 'py_pubsub' with the following arguments: {'ament_cmake_args': None, 'build_base': '/mnt/c/Users/TexSort/Desktop/MasterThesis/materialDetectionTextile/ros_ws/build/py_pubsub', 'catkin_cmake_args': None, 'catkin_skip_building_tests': False, 'cmake_args': None, 'cmake_clean_cache': False, 'cmake_clean_first': False, 'cmake_force_configure': False, 'cmake_target': None, 'cmake_target_skip_unavailable': False, 'install_base': '/mnt/c/Users/TexSort/Desktop/MasterThesis/materialDetectionTextile/ros_ws/install/py_pubsub', 'merge_install': False, 'path': '/mnt/c/Users/TexSort/Desktop/MasterThesis/materialDetectionTextile/ros_ws/src/py_pubsub', 'symlink_install': False, 'test_result_base': None}
[3.820s] Level 5:colcon.colcon_core.verb:set package 'materialdetect' build argument 'cmake_args' from command line to 'None'
[3.821s] Level 5:colcon.colcon_core.verb:set package 'materialdetect' build argument 'cmake_target' from command line to 'None'
[3.822s] Level 5:colcon.colcon_core.verb:set package 'materialdetect' build argument 'cmake_target_skip_unavailable' from command line to 'False'
[3.822s] Level 5:colcon.colcon_core.verb:set package 'materialdetect' build argument 'cmake_clean_cache' from command line to 'False'
[3.823s] Level 5:colcon.colcon_core.verb:set package 'materialdetect' build argument 'cmake_clean_first' from command line to 'False'
[3.823s] Level 5:colcon.colcon_core.verb:set package 'materialdetect' build argument 'cmake_force_configure' from command line to 'False'
[3.824s] Level 5:colcon.colcon_core.verb:set package 'materialdetect' build argument 'ament_cmake_args' from command line to 'None'
[3.825s] Level 5:colcon.colcon_core.verb:set package 'materialdetect' build argument 'catkin_cmake_args' from command line to 'None'
[3.825s] Level 5:colcon.colcon_core.verb:set package 'materialdetect' build argument 'catkin_skip_building_tests' from command line to 'False'
[3.826s] DEBUG:colcon.colcon_core.verb:Building package 'materialdetect' with the following arguments: {'ament_cmake_args': None, 'build_base': '/mnt/c/Users/TexSort/Desktop/MasterThesis/materialDetectionTextile/ros_ws/build/materialdetect', 'catkin_cmake_args': None, 'catkin_skip_building_tests': False, 'cmake_args': None, 'cmake_clean_cache': False, 'cmake_clean_first': False, 'cmake_force_configure': False, 'cmake_target': None, 'cmake_target_skip_unavailable': False, 'install_base': '/mnt/c/Users/TexSort/Desktop/MasterThesis/materialDetectionTextile/ros_ws/install/materialdetect', 'merge_install': False, 'path': '/mnt/c/Users/TexSort/Desktop/MasterThesis/materialDetectionTextile/ros_ws/src/materialdetect', 'symlink_install': False, 'test_result_base': None}
[3.857s] INFO:colcon.colcon_core.executor:Executing jobs using 'parallel' executor
[3.892s] DEBUG:colcon.colcon_parallel_executor.executor.parallel:run_until_complete
[3.893s] INFO:colcon.colcon_ros.task.ament_python.build:Building ROS package in '/mnt/c/Users/TexSort/Desktop/MasterThesis/materialDetectionTextile/ros_ws/src/py_pubsub' with build type 'ament_python'
[3.895s] Level 1:colcon.colcon_core.shell:create_environment_hook('py_pubsub', 'ament_prefix_path')
[3.935s] INFO:colcon.colcon_core.plugin_system:Skipping extension 'colcon_core.shell.bat': Not used on non-Windows systems
[3.936s] INFO:colcon.colcon_core.shell:Creating environment hook '/mnt/c/Users/TexSort/Desktop/MasterThesis/materialDetectionTextile/ros_ws/install/py_pubsub/share/py_pubsub/hook/ament_prefix_path.ps1'
[3.986s] INFO:colcon.colcon_core.shell:Creating environment descriptor '/mnt/c/Users/TexSort/Desktop/MasterThesis/materialDetectionTextile/ros_ws/install/py_pubsub/share/py_pubsub/hook/ament_prefix_path.dsv'
[4.038s] INFO:colcon.colcon_core.shell:Creating environment hook '/mnt/c/Users/TexSort/Desktop/MasterThesis/materialDetectionTextile/ros_ws/install/py_pubsub/share/py_pubsub/hook/ament_prefix_path.sh'
[4.107s] INFO:colcon.colcon_core.shell:Skip shell extension 'powershell' for command environment: Not usable outside of PowerShell
[4.108s] DEBUG:colcon.colcon_core.shell:Skip shell extension 'dsv' for command environment
[4.871s] INFO:colcon.colcon_core.task.python.build:Building Python package in '/mnt/c/Users/TexSort/Desktop/MasterThesis/materialDetectionTextile/ros_ws/src/py_pubsub'
[4.903s] INFO:colcon.colcon_core.shell:Skip shell extension 'powershell' for command environment: Not usable outside of PowerShell
[4.904s] DEBUG:colcon.colcon_core.shell:Skip shell extension 'dsv' for command environment
[8.775s] DEBUG:colcon.colcon_core.event_handler.log_command:Invoking command in '/mnt/c/Users/TexSort/Desktop/MasterThesis/materialDetectionTextile/ros_ws/src/py_pubsub': PYTHONPATH=/mnt/c/Users/TexSort/Desktop/MasterThesis/materialDetectionTextile/ros_ws/build/py_pubsub/prefix_override:/mnt/c/Users/TexSort/Desktop/MasterThesis/materialDetectionTextile/ros_ws/install/py_pubsub/lib/python3.10/site-packages:${PYTHONPATH} /usr/bin/python3 setup.py egg_info --egg-base ../../build/py_pubsub build --build-base /mnt/c/Users/TexSort/Desktop/MasterThesis/materialDetectionTextile/ros_ws/build/py_pubsub/build install --record /mnt/c/Users/TexSort/Desktop/MasterThesis/materialDetectionTextile/ros_ws/build/py_pubsub/install.log --single-version-externally-managed
[13.656s] DEBUG:colcon.colcon_core.event_handler.log_command:Invoked command in '/mnt/c/Users/TexSort/Desktop/MasterThesis/materialDetectionTextile/ros_ws/src/py_pubsub' returned '0': PYTHONPATH=/mnt/c/Users/TexSort/Desktop/MasterThesis/materialDetectionTextile/ros_ws/build/py_pubsub/prefix_override:/mnt/c/Users/TexSort/Desktop/MasterThesis/materialDetectionTextile/ros_ws/install/py_pubsub/lib/python3.10/site-packages:${PYTHONPATH} /usr/bin/python3 setup.py egg_info --egg-base ../../build/py_pubsub build --build-base /mnt/c/Users/TexSort/Desktop/MasterThesis/materialDetectionTextile/ros_ws/build/py_pubsub/build install --record /mnt/c/Users/TexSort/Desktop/MasterThesis/materialDetectionTextile/ros_ws/build/py_pubsub/install.log --single-version-externally-managed
[13.689s] Level 1:colcon.colcon_core.environment:checking '/mnt/c/Users/TexSort/Desktop/MasterThesis/materialDetectionTextile/ros_ws/install/py_pubsub' for CMake module files
[13.842s] Level 1:colcon.colcon_core.environment:checking '/mnt/c/Users/TexSort/Desktop/MasterThesis/materialDetectionTextile/ros_ws/install/py_pubsub' for CMake config files
[14.053s] Level 1:colcon.colcon_core.environment:checking '/mnt/c/Users/TexSort/Desktop/MasterThesis/materialDetectionTextile/ros_ws/install/py_pubsub/lib'
[14.063s] Level 1:colcon.colcon_core.environment:checking '/mnt/c/Users/TexSort/Desktop/MasterThesis/materialDetectionTextile/ros_ws/install/py_pubsub/bin'
[14.066s] Level 1:colcon.colcon_core.environment:checking '/mnt/c/Users/TexSort/Desktop/MasterThesis/materialDetectionTextile/ros_ws/install/py_pubsub/lib/pkgconfig/py_pubsub.pc'
[14.070s] Level 1:colcon.colcon_core.environment:checking '/mnt/c/Users/TexSort/Desktop/MasterThesis/materialDetectionTextile/ros_ws/install/py_pubsub/lib/python3.10/site-packages'
[14.075s] Level 1:colcon.colcon_core.shell:create_environment_hook('py_pubsub', 'pythonpath')
[14.112s] INFO:colcon.colcon_core.shell:Creating environment hook '/mnt/c/Users/TexSort/Desktop/MasterThesis/materialDetectionTextile/ros_ws/install/py_pubsub/share/py_pubsub/hook/pythonpath.ps1'
[14.155s] INFO:colcon.colcon_core.shell:Creating environment descriptor '/mnt/c/Users/TexSort/Desktop/MasterThesis/materialDetectionTextile/ros_ws/install/py_pubsub/share/py_pubsub/hook/pythonpath.dsv'
[14.191s] INFO:colcon.colcon_core.shell:Creating environment hook '/mnt/c/Users/TexSort/Desktop/MasterThesis/materialDetectionTextile/ros_ws/install/py_pubsub/share/py_pubsub/hook/pythonpath.sh'
[14.231s] Level 1:colcon.colcon_core.environment:checking '/mnt/c/Users/TexSort/Desktop/MasterThesis/materialDetectionTextile/ros_ws/install/py_pubsub/bin'
[14.236s] Level 1:colcon.colcon_core.environment:create_environment_scripts_only(py_pubsub)
[14.272s] INFO:colcon.colcon_core.shell:Creating package script '/mnt/c/Users/TexSort/Desktop/MasterThesis/materialDetectionTextile/ros_ws/install/py_pubsub/share/py_pubsub/package.ps1'
[14.310s] INFO:colcon.colcon_core.shell:Creating package descriptor '/mnt/c/Users/TexSort/Desktop/MasterThesis/materialDetectionTextile/ros_ws/install/py_pubsub/share/py_pubsub/package.dsv'
[14.345s] INFO:colcon.colcon_core.shell:Creating package script '/mnt/c/Users/TexSort/Desktop/MasterThesis/materialDetectionTextile/ros_ws/install/py_pubsub/share/py_pubsub/package.sh'
[14.377s] INFO:colcon.colcon_core.shell:Creating package script '/mnt/c/Users/TexSort/Desktop/MasterThesis/materialDetectionTextile/ros_ws/install/py_pubsub/share/py_pubsub/package.bash'
[14.409s] INFO:colcon.colcon_core.shell:Creating package script '/mnt/c/Users/TexSort/Desktop/MasterThesis/materialDetectionTextile/ros_ws/install/py_pubsub/share/py_pubsub/package.zsh'
[14.445s] Level 1:colcon.colcon_core.environment:create_file_with_runtime_dependencies(/mnt/c/Users/TexSort/Desktop/MasterThesis/materialDetectionTextile/ros_ws/install/py_pubsub/share/colcon-core/packages/py_pubsub)
[14.469s] INFO:colcon.colcon_ros.task.ament_cmake.build:Building ROS package in '/mnt/c/Users/TexSort/Desktop/MasterThesis/materialDetectionTextile/ros_ws/src/materialdetect' with build type 'ament_cmake'
[14.471s] INFO:colcon.colcon_cmake.task.cmake.build:Building CMake package in '/mnt/c/Users/TexSort/Desktop/MasterThesis/materialDetectionTextile/ros_ws/src/materialdetect'
[14.524s] INFO:colcon.colcon_core.shell:Skip shell extension 'powershell' for command environment: Not usable outside of PowerShell
[14.524s] DEBUG:colcon.colcon_core.shell:Skip shell extension 'dsv' for command environment
[14.858s] DEBUG:colcon.colcon_core.event_handler.log_command:Invoking command in '/mnt/c/Users/TexSort/Desktop/MasterThesis/materialDetectionTextile/ros_ws/build/materialdetect': AMENT_PREFIX_PATH=/mnt/c/Users/TexSort/Desktop/MasterThesis/materialDetectionTextile/ros_ws/install/py_pubsub:${AMENT_PREFIX_PATH} CMAKE_PREFIX_PATH=/opt/ros/humble PYTHONPATH=/mnt/c/Users/TexSort/Desktop/MasterThesis/materialDetectionTextile/ros_ws/install/py_pubsub/lib/python3.10/site-packages:${PYTHONPATH} /usr/bin/cmake /mnt/c/Users/TexSort/Desktop/MasterThesis/materialDetectionTextile/ros_ws/src/materialdetect -DCMAKE_INSTALL_PREFIX=/mnt/c/Users/TexSort/Desktop/MasterThesis/materialDetectionTextile/ros_ws/install/materialdetect
[18.837s] DEBUG:colcon.colcon_core.event_handler.log_command:Invoked command in '/mnt/c/Users/TexSort/Desktop/MasterThesis/materialDetectionTextile/ros_ws/build/materialdetect' returned '0': AMENT_PREFIX_PATH=/mnt/c/Users/TexSort/Desktop/MasterThesis/materialDetectionTextile/ros_ws/install/py_pubsub:${AMENT_PREFIX_PATH} CMAKE_PREFIX_PATH=/opt/ros/humble PYTHONPATH=/mnt/c/Users/TexSort/Desktop/MasterThesis/materialDetectionTextile/ros_ws/install/py_pubsub/lib/python3.10/site-packages:${PYTHONPATH} /usr/bin/cmake /mnt/c/Users/TexSort/Desktop/MasterThesis/materialDetectionTextile/ros_ws/src/materialdetect -DCMAKE_INSTALL_PREFIX=/mnt/c/Users/TexSort/Desktop/MasterThesis/materialDetectionTextile/ros_ws/install/materialdetect
[18.860s] DEBUG:colcon.colcon_core.event_handler.log_command:Invoking command in '/mnt/c/Users/TexSort/Desktop/MasterThesis/materialDetectionTextile/ros_ws/build/materialdetect': AMENT_PREFIX_PATH=/mnt/c/Users/TexSort/Desktop/MasterThesis/materialDetectionTextile/ros_ws/install/py_pubsub:${AMENT_PREFIX_PATH} CMAKE_PREFIX_PATH=/opt/ros/humble PYTHONPATH=/mnt/c/Users/TexSort/Desktop/MasterThesis/materialDetectionTextile/ros_ws/install/py_pubsub/lib/python3.10/site-packages:${PYTHONPATH} /usr/bin/cmake --build /mnt/c/Users/TexSort/Desktop/MasterThesis/materialDetectionTextile/ros_ws/build/materialdetect -- -j4 -l4
[19.074s] DEBUG:colcon.colcon_core.event_handler.log_command:Invoked command in '/mnt/c/Users/TexSort/Desktop/MasterThesis/materialDetectionTextile/ros_ws/build/materialdetect' returned '0': AMENT_PREFIX_PATH=/mnt/c/Users/TexSort/Desktop/MasterThesis/materialDetectionTextile/ros_ws/install/py_pubsub:${AMENT_PREFIX_PATH} CMAKE_PREFIX_PATH=/opt/ros/humble PYTHONPATH=/mnt/c/Users/TexSort/Desktop/MasterThesis/materialDetectionTextile/ros_ws/install/py_pubsub/lib/python3.10/site-packages:${PYTHONPATH} /usr/bin/cmake --build /mnt/c/Users/TexSort/Desktop/MasterThesis/materialDetectionTextile/ros_ws/build/materialdetect -- -j4 -l4
[19.180s] DEBUG:colcon.colcon_core.event_handler.log_command:Invoking command in '/mnt/c/Users/TexSort/Desktop/MasterThesis/materialDetectionTextile/ros_ws/build/materialdetect': AMENT_PREFIX_PATH=/mnt/c/Users/TexSort/Desktop/MasterThesis/materialDetectionTextile/ros_ws/install/py_pubsub:${AMENT_PREFIX_PATH} CMAKE_PREFIX_PATH=/opt/ros/humble PYTHONPATH=/mnt/c/Users/TexSort/Desktop/MasterThesis/materialDetectionTextile/ros_ws/install/py_pubsub/lib/python3.10/site-packages:${PYTHONPATH} /usr/bin/cmake --install /mnt/c/Users/TexSort/Desktop/MasterThesis/materialDetectionTextile/ros_ws/build/materialdetect
[22.163s] Level 1:colcon.colcon_core.environment:create_environment_scripts_only(materialdetect)
[22.166s] DEBUG:colcon.colcon_core.event_handler.log_command:Invoked command in '/mnt/c/Users/TexSort/Desktop/MasterThesis/materialDetectionTextile/ros_ws/build/materialdetect' returned '0': AMENT_PREFIX_PATH=/mnt/c/Users/TexSort/Desktop/MasterThesis/materialDetectionTextile/ros_ws/install/py_pubsub:${AMENT_PREFIX_PATH} CMAKE_PREFIX_PATH=/opt/ros/humble PYTHONPATH=/mnt/c/Users/TexSort/Desktop/MasterThesis/materialDetectionTextile/ros_ws/install/py_pubsub/lib/python3.10/site-packages:${PYTHONPATH} /usr/bin/cmake --install /mnt/c/Users/TexSort/Desktop/MasterThesis/materialDetectionTextile/ros_ws/build/materialdetect
[22.199s] Level 1:colcon.colcon_core.environment:checking '/mnt/c/Users/TexSort/Desktop/MasterThesis/materialDetectionTextile/ros_ws/install/materialdetect' for CMake module files
[22.384s] Level 1:colcon.colcon_core.environment:checking '/mnt/c/Users/TexSort/Desktop/MasterThesis/materialDetectionTextile/ros_ws/install/materialdetect' for CMake config files
[22.527s] Level 1:colcon.colcon_core.shell:create_environment_hook('materialdetect', 'cmake_prefix_path')
[22.561s] INFO:colcon.colcon_core.shell:Creating environment hook '/mnt/c/Users/TexSort/Desktop/MasterThesis/materialDetectionTextile/ros_ws/install/materialdetect/share/materialdetect/hook/cmake_prefix_path.ps1'
[22.595s] INFO:colcon.colcon_core.shell:Creating environment descriptor '/mnt/c/Users/TexSort/Desktop/MasterThesis/materialDetectionTextile/ros_ws/install/materialdetect/share/materialdetect/hook/cmake_prefix_path.dsv'
[22.634s] INFO:colcon.colcon_core.shell:Creating environment hook '/mnt/c/Users/TexSort/Desktop/MasterThesis/materialDetectionTextile/ros_ws/install/materialdetect/share/materialdetect/hook/cmake_prefix_path.sh'
[22.673s] Level 1:colcon.colcon_core.environment:checking '/mnt/c/Users/TexSort/Desktop/MasterThesis/materialDetectionTextile/ros_ws/install/materialdetect/bin'
[22.676s] Level 1:colcon.colcon_core.environment:checking '/mnt/c/Users/TexSort/Desktop/MasterThesis/materialDetectionTextile/ros_ws/install/materialdetect/lib/pkgconfig/materialdetect.pc'
[22.680s] Level 1:colcon.colcon_core.environment:checking '/mnt/c/Users/TexSort/Desktop/MasterThesis/materialDetectionTextile/ros_ws/install/materialdetect/lib/python3.10/site-packages'
[22.684s] Level 1:colcon.colcon_core.environment:checking '/mnt/c/Users/TexSort/Desktop/MasterThesis/materialDetectionTextile/ros_ws/install/materialdetect/bin'
[22.726s] INFO:colcon.colcon_core.shell:Creating package script '/mnt/c/Users/TexSort/Desktop/MasterThesis/materialDetectionTextile/ros_ws/install/materialdetect/share/materialdetect/package.ps1'
[22.766s] INFO:colcon.colcon_core.shell:Creating package descriptor '/mnt/c/Users/TexSort/Desktop/MasterThesis/materialDetectionTextile/ros_ws/install/materialdetect/share/materialdetect/package.dsv'
[22.809s] INFO:colcon.colcon_core.shell:Creating package script '/mnt/c/Users/TexSort/Desktop/MasterThesis/materialDetectionTextile/ros_ws/install/materialdetect/share/materialdetect/package.sh'
[22.849s] INFO:colcon.colcon_core.shell:Creating package script '/mnt/c/Users/TexSort/Desktop/MasterThesis/materialDetectionTextile/ros_ws/install/materialdetect/share/materialdetect/package.bash'
[22.880s] INFO:colcon.colcon_core.shell:Creating package script '/mnt/c/Users/TexSort/Desktop/MasterThesis/materialDetectionTextile/ros_ws/install/materialdetect/share/materialdetect/package.zsh'
[22.924s] Level 1:colcon.colcon_core.environment:create_file_with_runtime_dependencies(/mnt/c/Users/TexSort/Desktop/MasterThesis/materialDetectionTextile/ros_ws/install/materialdetect/share/colcon-core/packages/materialdetect)
[23.065s] Level 1:colcon.colcon_core.environment:create_environment_scripts_only(materialdetect)
[23.098s] Level 1:colcon.colcon_core.environment:checking '/mnt/c/Users/TexSort/Desktop/MasterThesis/materialDetectionTextile/ros_ws/install/materialdetect' for CMake module files
[23.297s] Level 1:colcon.colcon_core.environment:checking '/mnt/c/Users/TexSort/Desktop/MasterThesis/materialDetectionTextile/ros_ws/install/materialdetect' for CMake config files
[23.437s] Level 1:colcon.colcon_core.shell:create_environment_hook('materialdetect', 'cmake_prefix_path')
[23.470s] INFO:colcon.colcon_core.shell:Creating environment hook '/mnt/c/Users/TexSort/Desktop/MasterThesis/materialDetectionTextile/ros_ws/install/materialdetect/share/materialdetect/hook/cmake_prefix_path.ps1'
[23.509s] INFO:colcon.colcon_core.shell:Creating environment descriptor '/mnt/c/Users/TexSort/Desktop/MasterThesis/materialDetectionTextile/ros_ws/install/materialdetect/share/materialdetect/hook/cmake_prefix_path.dsv'
[23.553s] INFO:colcon.colcon_core.shell:Creating environment hook '/mnt/c/Users/TexSort/Desktop/MasterThesis/materialDetectionTextile/ros_ws/install/materialdetect/share/materialdetect/hook/cmake_prefix_path.sh'
[23.605s] Level 1:colcon.colcon_core.environment:checking '/mnt/c/Users/TexSort/Desktop/MasterThesis/materialDetectionTextile/ros_ws/install/materialdetect/bin'
[23.609s] Level 1:colcon.colcon_core.environment:checking '/mnt/c/Users/TexSort/Desktop/MasterThesis/materialDetectionTextile/ros_ws/install/materialdetect/lib/pkgconfig/materialdetect.pc'
[23.614s] Level 1:colcon.colcon_core.environment:checking '/mnt/c/Users/TexSort/Desktop/MasterThesis/materialDetectionTextile/ros_ws/install/materialdetect/lib/python3.10/site-packages'
[23.618s] Level 1:colcon.colcon_core.environment:checking '/mnt/c/Users/TexSort/Desktop/MasterThesis/materialDetectionTextile/ros_ws/install/materialdetect/bin'
[23.660s] INFO:colcon.colcon_core.shell:Creating package script '/mnt/c/Users/TexSort/Desktop/MasterThesis/materialDetectionTextile/ros_ws/install/materialdetect/share/materialdetect/package.ps1'
[23.694s] INFO:colcon.colcon_core.shell:Creating package descriptor '/mnt/c/Users/TexSort/Desktop/MasterThesis/materialDetectionTextile/ros_ws/install/materialdetect/share/materialdetect/package.dsv'
[23.730s] INFO:colcon.colcon_core.shell:Creating package script '/mnt/c/Users/TexSort/Desktop/MasterThesis/materialDetectionTextile/ros_ws/install/materialdetect/share/materialdetect/package.sh'
[23.762s] INFO:colcon.colcon_core.shell:Creating package script '/mnt/c/Users/TexSort/Desktop/MasterThesis/materialDetectionTextile/ros_ws/install/materialdetect/share/materialdetect/package.bash'
[23.795s] INFO:colcon.colcon_core.shell:Creating package script '/mnt/c/Users/TexSort/Desktop/MasterThesis/materialDetectionTextile/ros_ws/install/materialdetect/share/materialdetect/package.zsh'
[23.831s] Level 1:colcon.colcon_core.environment:create_file_with_runtime_dependencies(/mnt/c/Users/TexSort/Desktop/MasterThesis/materialDetectionTextile/ros_ws/install/materialdetect/share/colcon-core/packages/materialdetect)
[23.851s] DEBUG:colcon.colcon_parallel_executor.executor.parallel:closing loop
[23.852s] DEBUG:colcon.colcon_parallel_executor.executor.parallel:loop closed
[23.853s] DEBUG:colcon.colcon_parallel_executor.executor.parallel:run_until_complete finished with '0'
[23.854s] DEBUG:colcon.colcon_core.event_reactor:joining thread
[24.188s] INFO:colcon.colcon_core.plugin_system:Skipping extension 'colcon_notification.desktop_notification.notify_send': Could not find 'notify-send'
[24.189s] INFO:colcon.colcon_core.plugin_system:Skipping extension 'colcon_notification.desktop_notification.terminal_notifier': Not used on non-Darwin systems
[24.190s] INFO:colcon.colcon_core.plugin_system:Skipping extension 'colcon_notification.desktop_notification.win32': Not used on non-Windows systems
[24.191s] INFO:colcon.colcon_notification.desktop_notification:Sending desktop notification using 'notify2'
[24.192s] DEBUG:colcon.colcon_notification.desktop_notification.notify2:Failed to initialize notify2: org.freedesktop.DBus.Error.FileNotFound: Failed to connect to socket /run/user/1000/bus: No such file or directory
[24.202s] DEBUG:colcon.colcon_core.event_reactor:joined thread
[24.253s] INFO:colcon.colcon_core.shell:Creating prefix script '/mnt/c/Users/TexSort/Desktop/MasterThesis/materialDetectionTextile/ros_ws/install/local_setup.ps1'
[24.267s] INFO:colcon.colcon_core.shell:Creating prefix util module '/mnt/c/Users/TexSort/Desktop/MasterThesis/materialDetectionTextile/ros_ws/install/_local_setup_util_ps1.py'
[24.290s] INFO:colcon.colcon_core.shell:Creating prefix chain script '/mnt/c/Users/TexSort/Desktop/MasterThesis/materialDetectionTextile/ros_ws/install/setup.ps1'
[24.334s] INFO:colcon.colcon_core.shell:Creating prefix script '/mnt/c/Users/TexSort/Desktop/MasterThesis/materialDetectionTextile/ros_ws/install/local_setup.sh'
[24.350s] INFO:colcon.colcon_core.shell:Creating prefix util module '/mnt/c/Users/TexSort/Desktop/MasterThesis/materialDetectionTextile/ros_ws/install/_local_setup_util_sh.py'
[24.373s] INFO:colcon.colcon_core.shell:Creating prefix chain script '/mnt/c/Users/TexSort/Desktop/MasterThesis/materialDetectionTextile/ros_ws/install/setup.sh'
[24.427s] INFO:colcon.colcon_core.shell:Creating prefix script '/mnt/c/Users/TexSort/Desktop/MasterThesis/materialDetectionTextile/ros_ws/install/local_setup.bash'
[24.448s] INFO:colcon.colcon_core.shell:Creating prefix chain script '/mnt/c/Users/TexSort/Desktop/MasterThesis/materialDetectionTextile/ros_ws/install/setup.bash'
[24.501s] INFO:colcon.colcon_core.shell:Creating prefix script '/mnt/c/Users/TexSort/Desktop/MasterThesis/materialDetectionTextile/ros_ws/install/local_setup.zsh'
[24.522s] INFO:colcon.colcon_core.shell:Creating prefix chain script '/mnt/c/Users/TexSort/Desktop/MasterThesis/materialDetectionTextile/ros_ws/install/setup.zsh'
