[5.289s] Invoking command in '/mnt/c/Users/TexSort/Desktop/MasterThesis/materialDetectionTextile/ros_ws/src/py_pubsub': PYTHONPATH=/mnt/c/Users/TexSort/Desktop/MasterThesis/materialDetectionTextile/ros_ws/build/py_pubsub/prefix_override:/mnt/c/Users/TexSort/Desktop/MasterThesis/materialDetectionTextile/ros_ws/install/py_pubsub/lib/python3.10/site-packages:${PYTHONPATH} /usr/bin/python3 setup.py egg_info --egg-base ../../build/py_pubsub build --build-base /mnt/c/Users/TexSort/Desktop/MasterThesis/materialDetectionTextile/ros_ws/build/py_pubsub/build install --record /mnt/c/Users/TexSort/Desktop/MasterThesis/materialDetectionTextile/ros_ws/build/py_pubsub/install.log --single-version-externally-managed
[7.355s] running egg_info
[7.373s] writing ../../build/py_pubsub/py_pubsub.egg-info/PKG-INFO
[7.396s] writing dependency_links to ../../build/py_pubsub/py_pubsub.egg-info/dependency_links.txt
[7.415s] writing entry points to ../../build/py_pubsub/py_pubsub.egg-info/entry_points.txt
[7.431s] writing requirements to ../../build/py_pubsub/py_pubsub.egg-info/requires.txt
[7.448s] writing top-level names to ../../build/py_pubsub/py_pubsub.egg-info/top_level.txt
[7.524s] reading manifest file '../../build/py_pubsub/py_pubsub.egg-info/SOURCES.txt'
[7.674s] adding license file 'LICENSE'
[7.733s] writing manifest file '../../build/py_pubsub/py_pubsub.egg-info/SOURCES.txt'
[7.748s] running build
[7.753s] running build_py
[7.791s] copying py_pubsub/publisher_member_function.py -> /mnt/c/Users/TexSort/Desktop/MasterThesis/materialDetectionTextile/ros_ws/build/py_pubsub/build/lib/py_pubsub
[7.914s] running install
[7.917s] /usr/lib/python3/dist-packages/setuptools/command/install.py:34: SetuptoolsDeprecationWarning: setup.py install is deprecated. Use build and pip and other standards-based tools.
[7.919s]   warnings.warn(
[7.922s] running install_lib
[8.016s] copying /mnt/c/Users/TexSort/Desktop/MasterThesis/materialDetectionTextile/ros_ws/build/py_pubsub/build/lib/py_pubsub/publisher_member_function.py -> /mnt/c/Users/TexSort/Desktop/MasterThesis/materialDetectionTextile/ros_ws/install/py_pubsub/lib/python3.10/site-packages/py_pubsub
[8.215s] byte-compiling /mnt/c/Users/TexSort/Desktop/MasterThesis/materialDetectionTextile/ros_ws/install/py_pubsub/lib/python3.10/site-packages/py_pubsub/publisher_member_function.py to publisher_member_function.cpython-310.pyc
[8.409s] running install_data
[8.491s] running install_egg_info
[8.519s] removing '/mnt/c/Users/TexSort/Desktop/MasterThesis/materialDetectionTextile/ros_ws/install/py_pubsub/lib/python3.10/site-packages/py_pubsub-0.0.0-py3.10.egg-info' (and everything under it)
[8.686s] Copying ../../build/py_pubsub/py_pubsub.egg-info to /mnt/c/Users/TexSort/Desktop/MasterThesis/materialDetectionTextile/ros_ws/install/py_pubsub/lib/python3.10/site-packages/py_pubsub-0.0.0-py3.10.egg-info
[9.323s] running install_scripts
[9.493s] Installing listener script to /mnt/c/Users/TexSort/Desktop/MasterThesis/materialDetectionTextile/ros_ws/install/py_pubsub/lib/py_pubsub
[9.522s] Installing talker script to /mnt/c/Users/TexSort/Desktop/MasterThesis/materialDetectionTextile/ros_ws/install/py_pubsub/lib/py_pubsub
[9.554s] writing list of installed files to '/mnt/c/Users/TexSort/Desktop/MasterThesis/materialDetectionTextile/ros_ws/build/py_pubsub/install.log'
[9.622s] Invoked command in '/mnt/c/Users/TexSort/Desktop/MasterThesis/materialDetectionTextile/ros_ws/src/py_pubsub' returned '0': PYTHONPATH=/mnt/c/Users/TexSort/Desktop/MasterThesis/materialDetectionTextile/ros_ws/build/py_pubsub/prefix_override:/mnt/c/Users/TexSort/Desktop/MasterThesis/materialDetectionTextile/ros_ws/install/py_pubsub/lib/python3.10/site-packages:${PYTHONPATH} /usr/bin/python3 setup.py egg_info --egg-base ../../build/py_pubsub build --build-base /mnt/c/Users/TexSort/Desktop/MasterThesis/materialDetectionTextile/ros_ws/build/py_pubsub/build install --record /mnt/c/Users/TexSort/Desktop/MasterThesis/materialDetectionTextile/ros_ws/build/py_pubsub/install.log --single-version-externally-managed
