[5.240s] Invoking command in '/mnt/c/Users/TexSort/Desktop/MasterThesis/materialDetectionTextile/ros_ws/src/py_pubsub': PYTHONPATH=/mnt/c/Users/TexSort/Desktop/MasterThesis/materialDetectionTextile/ros_ws/build/py_pubsub/prefix_override:/mnt/c/Users/TexSort/Desktop/MasterThesis/materialDetectionTextile/ros_ws/install/py_pubsub/lib/python3.10/site-packages:${PYTHONPATH} /usr/bin/python3 setup.py egg_info --egg-base ../../build/py_pubsub build --build-base /mnt/c/Users/TexSort/Desktop/MasterThesis/materialDetectionTextile/ros_ws/build/py_pubsub/build install --record /mnt/c/Users/TexSort/Desktop/MasterThesis/materialDetectionTextile/ros_ws/build/py_pubsub/install.log --single-version-externally-managed
[7.226s] running egg_info
[7.245s] writing ../../build/py_pubsub/py_pubsub.egg-info/PKG-INFO
[7.268s] writing dependency_links to ../../build/py_pubsub/py_pubsub.egg-info/dependency_links.txt
[7.289s] writing entry points to ../../build/py_pubsub/py_pubsub.egg-info/entry_points.txt
[7.305s] writing requirements to ../../build/py_pubsub/py_pubsub.egg-info/requires.txt
[7.323s] writing top-level names to ../../build/py_pubsub/py_pubsub.egg-info/top_level.txt
[7.409s] reading manifest file '../../build/py_pubsub/py_pubsub.egg-info/SOURCES.txt'
[7.566s] adding license file 'LICENSE'
[7.643s] writing manifest file '../../build/py_pubsub/py_pubsub.egg-info/SOURCES.txt'
[7.656s] running build
[7.659s] running build_py
[7.708s] copying py_pubsub/publisher_member_function.py -> /mnt/c/Users/TexSort/Desktop/MasterThesis/materialDetectionTextile/ros_ws/build/py_pubsub/build/lib/py_pubsub
[7.857s] running install
[7.860s] /usr/lib/python3/dist-packages/setuptools/command/install.py:34: SetuptoolsDeprecationWarning: setup.py install is deprecated. Use build and pip and other standards-based tools.
[7.863s]   warnings.warn(
[7.865s] running install_lib
[7.985s] copying /mnt/c/Users/TexSort/Desktop/MasterThesis/materialDetectionTextile/ros_ws/build/py_pubsub/build/lib/py_pubsub/publisher_member_function.py -> /mnt/c/Users/TexSort/Desktop/MasterThesis/materialDetectionTextile/ros_ws/install/py_pubsub/lib/python3.10/site-packages/py_pubsub
[8.240s] byte-compiling /mnt/c/Users/TexSort/Desktop/MasterThesis/materialDetectionTextile/ros_ws/install/py_pubsub/lib/python3.10/site-packages/py_pubsub/publisher_member_function.py to publisher_member_function.cpython-310.pyc
[8.440s] running install_data
[8.542s] running install_egg_info
[8.567s] removing '/mnt/c/Users/TexSort/Desktop/MasterThesis/materialDetectionTextile/ros_ws/install/py_pubsub/lib/python3.10/site-packages/py_pubsub-0.0.0-py3.10.egg-info' (and everything under it)
[8.699s] Copying ../../build/py_pubsub/py_pubsub.egg-info to /mnt/c/Users/TexSort/Desktop/MasterThesis/materialDetectionTextile/ros_ws/install/py_pubsub/lib/python3.10/site-packages/py_pubsub-0.0.0-py3.10.egg-info
[9.292s] running install_scripts
[9.500s] Installing listener script to /mnt/c/Users/TexSort/Desktop/MasterThesis/materialDetectionTextile/ros_ws/install/py_pubsub/lib/py_pubsub
[9.543s] Installing talker script to /mnt/c/Users/TexSort/Desktop/MasterThesis/materialDetectionTextile/ros_ws/install/py_pubsub/lib/py_pubsub
[9.581s] writing list of installed files to '/mnt/c/Users/TexSort/Desktop/MasterThesis/materialDetectionTextile/ros_ws/build/py_pubsub/install.log'
[9.653s] Invoked command in '/mnt/c/Users/TexSort/Desktop/MasterThesis/materialDetectionTextile/ros_ws/src/py_pubsub' returned '0': PYTHONPATH=/mnt/c/Users/TexSort/Desktop/MasterThesis/materialDetectionTextile/ros_ws/build/py_pubsub/prefix_override:/mnt/c/Users/TexSort/Desktop/MasterThesis/materialDetectionTextile/ros_ws/install/py_pubsub/lib/python3.10/site-packages:${PYTHONPATH} /usr/bin/python3 setup.py egg_info --egg-base ../../build/py_pubsub build --build-base /mnt/c/Users/TexSort/Desktop/MasterThesis/materialDetectionTextile/ros_ws/build/py_pubsub/build install --record /mnt/c/Users/TexSort/Desktop/MasterThesis/materialDetectionTextile/ros_ws/build/py_pubsub/install.log --single-version-externally-managed
